2025-06-20T08:54:45.365+07:00  INFO 5744 --- [victoryMoments] [main] c.e.v.VictoryMomentsApplication          : Starting VictoryMomentsApplication using Java 22.0.2 with PID 5744 (D:\Veron\SpringBoot_Veron\VictoryMomemt-duykhoa04-be-feature-profile-search\VictoryMomemt-BE\target\classes started by XuanBao in D:\Veron\SpringBoot_Veron\VictoryMomemt-duykhoa04-be-feature-profile-search\VictoryMomemt-BE)
2025-06-20T08:54:45.376+07:00 DEBUG 5744 --- [victoryMoments] [main] c.e.v.VictoryMomentsApplication          : Running with Spring Boot v3.2.5, Spring v6.1.6
2025-06-20T08:54:45.377+07:00  INFO 5744 --- [victoryMoments] [main] c.e.v.VictoryMomentsApplication          : No active profile set, falling back to 1 default profile: "default"
2025-06-20T08:54:46.344+07:00  INFO 5744 --- [victoryMoments] [main] .s.d.r.c.RepositoryConfigurationDelegate : Bootstrapping Spring Data MongoDB repositories in DEFAULT mode.
2025-06-20T08:54:46.414+07:00  INFO 5744 --- [victoryMoments] [main] .s.d.r.c.RepositoryConfigurationDelegate : Finished Spring Data repository scanning in 65 ms. Found 5 MongoDB repository interfaces.
2025-06-20T08:54:46.989+07:00  INFO 5744 --- [victoryMoments] [main] o.s.b.w.embedded.tomcat.TomcatWebServer  : Tomcat initialized with port 8080 (http)
2025-06-20T08:54:47.019+07:00  INFO 5744 --- [victoryMoments] [main] o.apache.catalina.core.StandardService   : Starting service [Tomcat]
2025-06-20T08:54:47.019+07:00  INFO 5744 --- [victoryMoments] [main] o.apache.catalina.core.StandardEngine    : Starting Servlet engine: [Apache Tomcat/10.1.20]
2025-06-20T08:54:47.092+07:00  INFO 5744 --- [victoryMoments] [main] o.a.c.c.C.[Tomcat].[localhost].[/]       : Initializing Spring embedded WebApplicationContext
2025-06-20T08:54:47.092+07:00  INFO 5744 --- [victoryMoments] [main] w.s.c.ServletWebServerApplicationContext : Root WebApplicationContext: initialization completed in 1660 ms
2025-06-20T08:54:47.330+07:00  INFO 5744 --- [victoryMoments] [main] org.mongodb.driver.client                : MongoClient with metadata {"driver": {"name": "mongo-java-driver|sync|spring-boot", "version": "4.11.2"}, "os": {"type": "Windows", "name": "Windows 11", "architecture": "amd64", "version": "10.0"}, "platform": "Java/Oracle Corporation/22.0.2+9-70"} created with settings MongoClientSettings{readPreference=primary, writeConcern=WriteConcern{w=null, wTimeout=null ms, journal=null}, retryWrites=true, retryReads=true, readConcern=ReadConcern{level=null}, credential=null, transportSettings=null, streamFactoryFactory=null, commandListeners=[], codecRegistry=ProvidersCodecRegistry{codecProviders=[ValueCodecProvider{}, BsonValueCodecProvider{}, DBRefCodecProvider{}, DBObjectCodecProvider{}, DocumentCodecProvider{}, CollectionCodecProvider{}, IterableCodecProvider{}, MapCodecProvider{}, GeoJsonCodecProvider{}, GridFSFileCodecProvider{}, Jsr310CodecProvider{}, JsonObjectCodecProvider{}, BsonCodecProvider{}, EnumCodecProvider{}, com.mongodb.client.model.mql.ExpressionCodecProvider@e62319f, com.mongodb.Jep395RecordCodecProvider@4d354a3e, com.mongodb.KotlinCodecProvider@24a0c58b]}, loggerSettings=LoggerSettings{maxDocumentLength=1000}, clusterSettings={hosts=[localhost:27017], srvServiceName=mongodb, mode=SINGLE, requiredClusterType=UNKNOWN, requiredReplicaSetName='null', serverSelector='null', clusterListeners='[]', serverSelectionTimeout='30000 ms', localThreshold='15 ms'}, socketSettings=SocketSettings{connectTimeoutMS=10000, readTimeoutMS=0, receiveBufferSize=0, proxySettings=ProxySettings{host=null, port=null, username=null, password=null}}, heartbeatSocketSettings=SocketSettings{connectTimeoutMS=10000, readTimeoutMS=10000, receiveBufferSize=0, proxySettings=ProxySettings{host=null, port=null, username=null, password=null}}, connectionPoolSettings=ConnectionPoolSettings{maxSize=100, minSize=0, maxWaitTimeMS=120000, maxConnectionLifeTimeMS=0, maxConnectionIdleTimeMS=0, maintenanceInitialDelayMS=0, maintenanceFrequencyMS=60000, connectionPoolListeners=[], maxConnecting=2}, serverSettings=ServerSettings{heartbeatFrequencyMS=10000, minHeartbeatFrequencyMS=500, serverListeners='[]', serverMonitorListeners='[]'}, sslSettings=SslSettings{enabled=false, invalidHostNameAllowed=false, context=null}, applicationName='null', compressorList=[], uuidRepresentation=JAVA_LEGACY, serverApi=null, autoEncryptionSettings=null, dnsClient=null, inetAddressResolver=null, contextProvider=null}
2025-06-20T08:54:47.355+07:00  INFO 5744 --- [victoryMoments] [cluster-ClusterId{value='6854bf67a356ff60aa410a1d', description='null'}-localhost:27017] org.mongodb.driver.cluster               : Monitor thread successfully connected to server with description ServerDescription{address=localhost:27017, type=STANDALONE, state=CONNECTED, ok=true, minWireVersion=0, maxWireVersion=25, maxDocumentSize=16777216, logicalSessionTimeoutMinutes=30, roundTripTimeNanos=33709800}
2025-06-20T08:54:47.627+07:00  INFO 5744 --- [victoryMoments] [main] m.c.i.MongoPersistentEntityIndexResolver : Found cycle for field '_id' in type 'Comment' for path 'replies -> replies'
2025-06-20T08:54:47.629+07:00  INFO 5744 --- [victoryMoments] [main] m.c.i.MongoPersistentEntityIndexResolver : Found cycle for field 'replies' in type 'Comment' for path 'replies -> replies'
2025-06-20T08:54:47.874+07:00 DEBUG 5744 --- [victoryMoments] [main] c.e.v.config.JwtAuthenticationFilter     : Filter 'jwtAuthenticationFilter' configured for use
2025-06-20T08:54:49.176+07:00 DEBUG 5744 --- [victoryMoments] [main] s.w.s.m.m.a.RequestMappingHandlerMapping : 37 mappings in 'requestMappingHandlerMapping'
2025-06-20T08:54:49.222+07:00 DEBUG 5744 --- [victoryMoments] [main] o.s.w.s.handler.SimpleUrlHandlerMapping  : Patterns [/webjars/**, /**, /media/**, /static/**, /swagger-ui*/*swagger-initializer.js, /swagger-ui*/**] in 'resourceHandlerMapping'
2025-06-20T08:54:49.278+07:00  INFO 5744 --- [victoryMoments] [main] o.s.s.web.DefaultSecurityFilterChain     : Will secure any request with [org.springframework.security.web.session.DisableEncodeUrlFilter@7ade62a6, org.springframework.security.web.context.request.async.WebAsyncManagerIntegrationFilter@53d15034, org.springframework.security.web.context.SecurityContextHolderFilter@4504a4ed, org.springframework.security.web.header.HeaderWriterFilter@787a4519, org.springframework.web.filter.CorsFilter@9976b27, org.springframework.security.web.authentication.logout.LogoutFilter@6f95654c, com.example.victorymoments.config.JwtAuthenticationFilter@687a0e40, org.springframework.security.web.savedrequest.RequestCacheAwareFilter@38363e96, org.springframework.security.web.servletapi.SecurityContextHolderAwareRequestFilter@35c95869, org.springframework.security.web.authentication.AnonymousAuthenticationFilter@4fe9a396, org.springframework.security.web.session.SessionManagementFilter@41cf4272, org.springframework.security.web.access.ExceptionTranslationFilter@1e7113f8, org.springframework.security.web.access.intercept.AuthorizationFilter@4d7c9b42]
2025-06-20T08:54:49.412+07:00 DEBUG 5744 --- [victoryMoments] [main] s.w.s.m.m.a.RequestMappingHandlerAdapter : ControllerAdvice beans: 0 @ModelAttribute, 0 @InitBinder, 1 RequestBodyAdvice, 1 ResponseBodyAdvice
2025-06-20T08:54:49.467+07:00 DEBUG 5744 --- [victoryMoments] [main] .m.m.a.ExceptionHandlerExceptionResolver : ControllerAdvice beans: 2 @ExceptionHandler, 1 ResponseBodyAdvice
2025-06-20T08:54:49.651+07:00  INFO 5744 --- [victoryMoments] [main] o.s.b.w.embedded.tomcat.TomcatWebServer  : Tomcat started on port 8080 (http) with context path ''
2025-06-20T08:54:49.658+07:00  INFO 5744 --- [victoryMoments] [main] c.e.v.VictoryMomentsApplication          : Started VictoryMomentsApplication in 4.735 seconds (process running for 11.973)
2025-06-20T08:55:12.745+07:00  INFO 5744 --- [victoryMoments] [http-nio-8080-exec-1] o.a.c.c.C.[Tomcat].[localhost].[/]       : Initializing Spring DispatcherServlet 'dispatcherServlet'
2025-06-20T08:55:12.745+07:00  INFO 5744 --- [victoryMoments] [http-nio-8080-exec-1] o.s.web.servlet.DispatcherServlet        : Initializing Servlet 'dispatcherServlet'
2025-06-20T08:55:12.745+07:00 DEBUG 5744 --- [victoryMoments] [http-nio-8080-exec-1] o.s.web.servlet.DispatcherServlet        : Detected StandardServletMultipartResolver
2025-06-20T08:55:12.746+07:00 DEBUG 5744 --- [victoryMoments] [http-nio-8080-exec-1] o.s.web.servlet.DispatcherServlet        : Detected AcceptHeaderLocaleResolver
2025-06-20T08:55:12.746+07:00 DEBUG 5744 --- [victoryMoments] [http-nio-8080-exec-1] o.s.web.servlet.DispatcherServlet        : Detected FixedThemeResolver
2025-06-20T08:55:12.749+07:00 DEBUG 5744 --- [victoryMoments] [http-nio-8080-exec-1] o.s.web.servlet.DispatcherServlet        : Detected org.springframework.web.servlet.view.DefaultRequestToViewNameTranslator@474ad30c
2025-06-20T08:55:12.750+07:00 DEBUG 5744 --- [victoryMoments] [http-nio-8080-exec-1] o.s.web.servlet.DispatcherServlet        : Detected org.springframework.web.servlet.support.SessionFlashMapManager@25b2492f
2025-06-20T08:55:12.751+07:00 DEBUG 5744 --- [victoryMoments] [http-nio-8080-exec-1] o.s.web.servlet.DispatcherServlet        : enableLoggingRequestDetails='false': request parameters and headers will be masked to prevent unsafe logging of potentially sensitive data
2025-06-20T08:55:12.752+07:00  INFO 5744 --- [victoryMoments] [http-nio-8080-exec-1] o.s.web.servlet.DispatcherServlet        : Completed initialization in 6 ms
2025-06-20T08:55:12.770+07:00 DEBUG 5744 --- [victoryMoments] [http-nio-8080-exec-1] o.s.security.web.FilterChainProxy        : Securing GET /
2025-06-20T08:55:12.783+07:00 DEBUG 5744 --- [victoryMoments] [http-nio-8080-exec-1] o.s.s.w.a.AnonymousAuthenticationFilter  : Set SecurityContextHolder to anonymous SecurityContext
2025-06-20T08:55:12.789+07:00 DEBUG 5744 --- [victoryMoments] [http-nio-8080-exec-1] o.s.s.w.a.Http403ForbiddenEntryPoint     : Pre-authenticated entry point called. Rejecting access
2025-06-20T08:55:12.805+07:00 DEBUG 5744 --- [victoryMoments] [http-nio-8080-exec-1] o.s.security.web.FilterChainProxy        : Securing GET /error
2025-06-20T08:55:12.806+07:00 DEBUG 5744 --- [victoryMoments] [http-nio-8080-exec-1] o.s.s.w.a.AnonymousAuthenticationFilter  : Set SecurityContextHolder to anonymous SecurityContext
2025-06-20T08:55:12.807+07:00 DEBUG 5744 --- [victoryMoments] [http-nio-8080-exec-1] o.s.s.w.a.Http403ForbiddenEntryPoint     : Pre-authenticated entry point called. Rejecting access
2025-06-20T08:55:44.139+07:00 DEBUG 5744 --- [victoryMoments] [http-nio-8080-exec-2] o.s.security.web.FilterChainProxy        : Securing GET /
2025-06-20T08:55:44.139+07:00 DEBUG 5744 --- [victoryMoments] [http-nio-8080-exec-2] o.s.s.w.a.AnonymousAuthenticationFilter  : Set SecurityContextHolder to anonymous SecurityContext
2025-06-20T08:55:44.140+07:00 DEBUG 5744 --- [victoryMoments] [http-nio-8080-exec-2] o.s.s.w.a.Http403ForbiddenEntryPoint     : Pre-authenticated entry point called. Rejecting access
2025-06-20T08:55:44.141+07:00 DEBUG 5744 --- [victoryMoments] [http-nio-8080-exec-2] o.s.security.web.FilterChainProxy        : Securing GET /error
2025-06-20T08:55:44.142+07:00 DEBUG 5744 --- [victoryMoments] [http-nio-8080-exec-2] o.s.s.w.a.AnonymousAuthenticationFilter  : Set SecurityContextHolder to anonymous SecurityContext
2025-06-20T08:55:44.143+07:00 DEBUG 5744 --- [victoryMoments] [http-nio-8080-exec-2] o.s.s.w.a.Http403ForbiddenEntryPoint     : Pre-authenticated entry point called. Rejecting access
2025-06-20T08:57:33.932+07:00 DEBUG 5744 --- [victoryMoments] [http-nio-8080-exec-5] o.s.security.web.FilterChainProxy        : Securing OPTIONS /api/auth/login
2025-06-20T08:57:34.083+07:00 DEBUG 5744 --- [victoryMoments] [http-nio-8080-exec-6] o.s.security.web.FilterChainProxy        : Securing POST /api/auth/login
2025-06-20T08:57:34.089+07:00 DEBUG 5744 --- [victoryMoments] [http-nio-8080-exec-6] o.s.s.w.a.AnonymousAuthenticationFilter  : Set SecurityContextHolder to anonymous SecurityContext
2025-06-20T08:57:34.091+07:00 DEBUG 5744 --- [victoryMoments] [http-nio-8080-exec-6] o.s.security.web.FilterChainProxy        : Secured POST /api/auth/login
2025-06-20T08:57:34.095+07:00 DEBUG 5744 --- [victoryMoments] [http-nio-8080-exec-6] o.s.web.servlet.DispatcherServlet        : POST "/api/auth/login", parameters={}
2025-06-20T08:57:34.099+07:00 DEBUG 5744 --- [victoryMoments] [http-nio-8080-exec-6] s.w.s.m.m.a.RequestMappingHandlerMapping : Mapped to com.example.victorymoments.controller.AuthController#login(AuthRequest)
2025-06-20T08:57:34.256+07:00 DEBUG 5744 --- [victoryMoments] [http-nio-8080-exec-6] m.m.a.RequestResponseBodyMethodProcessor : Read "application/json;charset=UTF-8" to [AuthRequest(email=NhaPhuongenten@gmail.com, password=30041998aA@)]
2025-06-20T08:57:34.698+07:00 DEBUG 5744 --- [victoryMoments] [http-nio-8080-exec-6] o.s.s.a.dao.DaoAuthenticationProvider    : Authenticated user
2025-06-20T08:57:34.772+07:00 DEBUG 5744 --- [victoryMoments] [http-nio-8080-exec-6] o.s.w.s.m.m.a.HttpEntityMethodProcessor  : Using 'application/json', given [application/json, text/plain, */*] and supported [application/json, application/*+json]
2025-06-20T08:57:34.773+07:00 DEBUG 5744 --- [victoryMoments] [http-nio-8080-exec-6] o.s.w.s.m.m.a.HttpEntityMethodProcessor  : Writing [AuthResponse(token=eyJhbGciOiJIUzI1NiJ9.eyJzdWIiOiJOaGFQaHVvbmdlbnRlbkBnbWFpbC5jb20iLCJ1c2VySWQiOiI2 (truncated)...]
2025-06-20T08:57:34.786+07:00 DEBUG 5744 --- [victoryMoments] [http-nio-8080-exec-6] o.s.web.servlet.DispatcherServlet        : Completed 200 OK
2025-06-20T08:57:34.911+07:00 DEBUG 5744 --- [victoryMoments] [http-nio-8080-exec-4] o.s.security.web.FilterChainProxy        : Securing OPTIONS /api/posts?page=0&size=10&sort=createdAt,desc
2025-06-20T08:57:41.204+07:00 DEBUG 5744 --- [victoryMoments] [http-nio-8080-exec-8] o.s.security.web.FilterChainProxy        : Securing OPTIONS /api/users/profile
2025-06-20T08:58:07.183+07:00 DEBUG 5744 --- [victoryMoments] [http-nio-8080-exec-9] o.s.security.web.FilterChainProxy        : Securing OPTIONS /api/auth/register
2025-06-20T08:58:07.293+07:00 DEBUG 5744 --- [victoryMoments] [http-nio-8080-exec-10] o.s.security.web.FilterChainProxy        : Securing POST /api/auth/register
2025-06-20T08:58:07.295+07:00 DEBUG 5744 --- [victoryMoments] [http-nio-8080-exec-10] o.s.s.w.a.AnonymousAuthenticationFilter  : Set SecurityContextHolder to anonymous SecurityContext
2025-06-20T08:58:07.296+07:00 DEBUG 5744 --- [victoryMoments] [http-nio-8080-exec-10] o.s.security.web.FilterChainProxy        : Secured POST /api/auth/register
2025-06-20T08:58:07.296+07:00 DEBUG 5744 --- [victoryMoments] [http-nio-8080-exec-10] o.s.web.servlet.DispatcherServlet        : POST "/api/auth/register", parameters={}
2025-06-20T08:58:07.296+07:00 DEBUG 5744 --- [victoryMoments] [http-nio-8080-exec-10] s.w.s.m.m.a.RequestMappingHandlerMapping : Mapped to com.example.victorymoments.controller.AuthController#register(RegisterRequest, HttpServletRequest, HttpServletResponse)
2025-06-20T08:58:07.305+07:00 DEBUG 5744 --- [victoryMoments] [http-nio-8080-exec-10] m.m.a.RequestResponseBodyMethodProcessor : Read "application/json;charset=UTF-8" to [RegisterRequest(name=duy khoa, email=NhaPhuongenten1@gmail.com, phoneNumber=0820102312, password=300 (truncated)...]
2025-06-20T08:58:07.643+07:00  INFO 5744 --- [victoryMoments] [http-nio-8080-exec-10] c.e.victorymoments.service.EmailService  : Rendering email for user NhaPhuongenten1@gmail.com
2025-06-20T08:58:32.294+07:00 DEBUG 5744 --- [victoryMoments] [http-nio-8080-exec-1] o.s.security.web.FilterChainProxy        : Securing POST /api/auth/register
2025-06-20T08:58:32.295+07:00 DEBUG 5744 --- [victoryMoments] [http-nio-8080-exec-1] o.s.s.w.a.AnonymousAuthenticationFilter  : Set SecurityContextHolder to anonymous SecurityContext
2025-06-20T08:58:32.295+07:00 DEBUG 5744 --- [victoryMoments] [http-nio-8080-exec-1] o.s.security.web.FilterChainProxy        : Secured POST /api/auth/register
2025-06-20T08:58:32.295+07:00 DEBUG 5744 --- [victoryMoments] [http-nio-8080-exec-1] o.s.web.servlet.DispatcherServlet        : POST "/api/auth/register", parameters={}
2025-06-20T08:58:32.296+07:00 DEBUG 5744 --- [victoryMoments] [http-nio-8080-exec-1] s.w.s.m.m.a.RequestMappingHandlerMapping : Mapped to com.example.victorymoments.controller.AuthController#register(RegisterRequest, HttpServletRequest, HttpServletResponse)
2025-06-20T08:58:32.296+07:00 DEBUG 5744 --- [victoryMoments] [http-nio-8080-exec-1] m.m.a.RequestResponseBodyMethodProcessor : Read "application/json;charset=UTF-8" to [RegisterRequest(name=duy khoa, email=NhaPhuongenten1@gmail.com, phoneNumber=0820102312, password=300 (truncated)...]
2025-06-20T08:58:32.302+07:00 DEBUG 5744 --- [victoryMoments] [http-nio-8080-exec-1] o.s.web.servlet.DispatcherServlet        : Failed to complete request: jakarta.validation.ValidationException: Email is already in use
2025-06-20T08:58:32.302+07:00 ERROR 5744 --- [victoryMoments] [http-nio-8080-exec-1] o.a.c.c.C.[.[.[/].[dispatcherServlet]    : Servlet.service() for servlet [dispatcherServlet] in context with path [] threw exception [Request processing failed: jakarta.validation.ValidationException: Email is already in use] with root cause

jakarta.validation.ValidationException: Email is already in use
	at com.example.victorymoments.service.impl.AuthServiceImpl.register(AuthServiceImpl.java:54) ~[classes/:na]
	at com.example.victorymoments.controller.AuthController.register(AuthController.java:24) ~[classes/:na]
	at java.base/jdk.internal.reflect.DirectMethodHandleAccessor.invoke(DirectMethodHandleAccessor.java:103) ~[na:na]
	at java.base/java.lang.reflect.Method.invoke(Method.java:580) ~[na:na]
	at org.springframework.web.method.support.InvocableHandlerMethod.doInvoke(InvocableHandlerMethod.java:255) ~[spring-web-6.1.6.jar:6.1.6]
	at org.springframework.web.method.support.InvocableHandlerMethod.invokeForRequest(InvocableHandlerMethod.java:188) ~[spring-web-6.1.6.jar:6.1.6]
	at org.springframework.web.servlet.mvc.method.annotation.ServletInvocableHandlerMethod.invokeAndHandle(ServletInvocableHandlerMethod.java:118) ~[spring-webmvc-6.1.6.jar:6.1.6]
	at org.springframework.web.servlet.mvc.method.annotation.RequestMappingHandlerAdapter.invokeHandlerMethod(RequestMappingHandlerAdapter.java:926) ~[spring-webmvc-6.1.6.jar:6.1.6]
	at org.springframework.web.servlet.mvc.method.annotation.RequestMappingHandlerAdapter.handleInternal(RequestMappingHandlerAdapter.java:831) ~[spring-webmvc-6.1.6.jar:6.1.6]
	at org.springframework.web.servlet.mvc.method.AbstractHandlerMethodAdapter.handle(AbstractHandlerMethodAdapter.java:87) ~[spring-webmvc-6.1.6.jar:6.1.6]
	at org.springframework.web.servlet.DispatcherServlet.doDispatch(DispatcherServlet.java:1089) ~[spring-webmvc-6.1.6.jar:6.1.6]
	at org.springframework.web.servlet.DispatcherServlet.doService(DispatcherServlet.java:979) ~[spring-webmvc-6.1.6.jar:6.1.6]
	at org.springframework.web.servlet.FrameworkServlet.processRequest(FrameworkServlet.java:1014) ~[spring-webmvc-6.1.6.jar:6.1.6]
	at org.springframework.web.servlet.FrameworkServlet.doPost(FrameworkServlet.java:914) ~[spring-webmvc-6.1.6.jar:6.1.6]
	at jakarta.servlet.http.HttpServlet.service(HttpServlet.java:590) ~[tomcat-embed-core-10.1.20.jar:6.0]
	at org.springframework.web.servlet.FrameworkServlet.service(FrameworkServlet.java:885) ~[spring-webmvc-6.1.6.jar:6.1.6]
	at jakarta.servlet.http.HttpServlet.service(HttpServlet.java:658) ~[tomcat-embed-core-10.1.20.jar:6.0]
	at org.apache.catalina.core.ApplicationFilterChain.internalDoFilter(ApplicationFilterChain.java:206) ~[tomcat-embed-core-10.1.20.jar:10.1.20]
	at org.apache.catalina.core.ApplicationFilterChain.doFilter(ApplicationFilterChain.java:150) ~[tomcat-embed-core-10.1.20.jar:10.1.20]
	at org.apache.tomcat.websocket.server.WsFilter.doFilter(WsFilter.java:51) ~[tomcat-embed-websocket-10.1.20.jar:10.1.20]
	at org.apache.catalina.core.ApplicationFilterChain.internalDoFilter(ApplicationFilterChain.java:175) ~[tomcat-embed-core-10.1.20.jar:10.1.20]
	at org.apache.catalina.core.ApplicationFilterChain.doFilter(ApplicationFilterChain.java:150) ~[tomcat-embed-core-10.1.20.jar:10.1.20]
	at org.springframework.web.filter.OncePerRequestFilter.doFilter(OncePerRequestFilter.java:101) ~[spring-web-6.1.6.jar:6.1.6]
	at org.apache.catalina.core.ApplicationFilterChain.internalDoFilter(ApplicationFilterChain.java:175) ~[tomcat-embed-core-10.1.20.jar:10.1.20]
	at org.apache.catalina.core.ApplicationFilterChain.doFilter(ApplicationFilterChain.java:150) ~[tomcat-embed-core-10.1.20.jar:10.1.20]
	at org.springframework.web.filter.CompositeFilter$VirtualFilterChain.doFilter(CompositeFilter.java:108) ~[spring-web-6.1.6.jar:6.1.6]
	at org.springframework.security.web.FilterChainProxy.lambda$doFilterInternal$3(FilterChainProxy.java:231) ~[spring-security-web-6.2.4.jar:6.2.4]
	at org.springframework.security.web.FilterChainProxy$VirtualFilterChain.doFilter(FilterChainProxy.java:365) ~[spring-security-web-6.2.4.jar:6.2.4]
	at org.springframework.security.web.access.intercept.AuthorizationFilter.doFilter(AuthorizationFilter.java:100) ~[spring-security-web-6.2.4.jar:6.2.4]
	at org.springframework.security.web.FilterChainProxy$VirtualFilterChain.doFilter(FilterChainProxy.java:374) ~[spring-security-web-6.2.4.jar:6.2.4]
	at org.springframework.security.web.access.ExceptionTranslationFilter.doFilter(ExceptionTranslationFilter.java:126) ~[spring-security-web-6.2.4.jar:6.2.4]
	at org.springframework.security.web.access.ExceptionTranslationFilter.doFilter(ExceptionTranslationFilter.java:120) ~[spring-security-web-6.2.4.jar:6.2.4]
	at org.springframework.security.web.FilterChainProxy$VirtualFilterChain.doFilter(FilterChainProxy.java:374) ~[spring-security-web-6.2.4.jar:6.2.4]
	at org.springframework.security.web.session.SessionManagementFilter.doFilter(SessionManagementFilter.java:131) ~[spring-security-web-6.2.4.jar:6.2.4]
	at org.springframework.security.web.session.SessionManagementFilter.doFilter(SessionManagementFilter.java:85) ~[spring-security-web-6.2.4.jar:6.2.4]
	at org.springframework.security.web.FilterChainProxy$VirtualFilterChain.doFilter(FilterChainProxy.java:374) ~[spring-security-web-6.2.4.jar:6.2.4]
	at org.springframework.security.web.authentication.AnonymousAuthenticationFilter.doFilter(AnonymousAuthenticationFilter.java:100) ~[spring-security-web-6.2.4.jar:6.2.4]
	at org.springframework.security.web.FilterChainProxy$VirtualFilterChain.doFilter(FilterChainProxy.java:374) ~[spring-security-web-6.2.4.jar:6.2.4]
	at org.springframework.security.web.servletapi.SecurityContextHolderAwareRequestFilter.doFilter(SecurityContextHolderAwareRequestFilter.java:179) ~[spring-security-web-6.2.4.jar:6.2.4]
	at org.springframework.security.web.FilterChainProxy$VirtualFilterChain.doFilter(FilterChainProxy.java:374) ~[spring-security-web-6.2.4.jar:6.2.4]
	at org.springframework.security.web.savedrequest.RequestCacheAwareFilter.doFilter(RequestCacheAwareFilter.java:63) ~[spring-security-web-6.2.4.jar:6.2.4]
	at org.springframework.security.web.FilterChainProxy$VirtualFilterChain.doFilter(FilterChainProxy.java:374) ~[spring-security-web-6.2.4.jar:6.2.4]
	at org.springframework.web.filter.OncePerRequestFilter.doFilter(OncePerRequestFilter.java:101) ~[spring-web-6.1.6.jar:6.1.6]
	at org.springframework.security.web.FilterChainProxy$VirtualFilterChain.doFilter(FilterChainProxy.java:374) ~[spring-security-web-6.2.4.jar:6.2.4]
	at org.springframework.security.web.authentication.logout.LogoutFilter.doFilter(LogoutFilter.java:107) ~[spring-security-web-6.2.4.jar:6.2.4]
	at org.springframework.security.web.authentication.logout.LogoutFilter.doFilter(LogoutFilter.java:93) ~[spring-security-web-6.2.4.jar:6.2.4]
	at org.springframework.security.web.FilterChainProxy$VirtualFilterChain.doFilter(FilterChainProxy.java:374) ~[spring-security-web-6.2.4.jar:6.2.4]
	at org.springframework.web.filter.CorsFilter.doFilterInternal(CorsFilter.java:91) ~[spring-web-6.1.6.jar:6.1.6]
	at org.springframework.web.filter.OncePerRequestFilter.doFilter(OncePerRequestFilter.java:116) ~[spring-web-6.1.6.jar:6.1.6]
	at org.springframework.security.web.FilterChainProxy$VirtualFilterChain.doFilter(FilterChainProxy.java:374) ~[spring-security-web-6.2.4.jar:6.2.4]
	at org.springframework.security.web.header.HeaderWriterFilter.doHeadersAfter(HeaderWriterFilter.java:90) ~[spring-security-web-6.2.4.jar:6.2.4]
	at org.springframework.security.web.header.HeaderWriterFilter.doFilterInternal(HeaderWriterFilter.java:75) ~[spring-security-web-6.2.4.jar:6.2.4]
	at org.springframework.web.filter.OncePerRequestFilter.doFilter(OncePerRequestFilter.java:116) ~[spring-web-6.1.6.jar:6.1.6]
	at org.springframework.security.web.FilterChainProxy$VirtualFilterChain.doFilter(FilterChainProxy.java:374) ~[spring-security-web-6.2.4.jar:6.2.4]
	at org.springframework.security.web.context.SecurityContextHolderFilter.doFilter(SecurityContextHolderFilter.java:82) ~[spring-security-web-6.2.4.jar:6.2.4]
	at org.springframework.security.web.context.SecurityContextHolderFilter.doFilter(SecurityContextHolderFilter.java:69) ~[spring-security-web-6.2.4.jar:6.2.4]
	at org.springframework.security.web.FilterChainProxy$VirtualFilterChain.doFilter(FilterChainProxy.java:374) ~[spring-security-web-6.2.4.jar:6.2.4]
	at org.springframework.security.web.context.request.async.WebAsyncManagerIntegrationFilter.doFilterInternal(WebAsyncManagerIntegrationFilter.java:62) ~[spring-security-web-6.2.4.jar:6.2.4]
	at org.springframework.web.filter.OncePerRequestFilter.doFilter(OncePerRequestFilter.java:116) ~[spring-web-6.1.6.jar:6.1.6]
	at org.springframework.security.web.FilterChainProxy$VirtualFilterChain.doFilter(FilterChainProxy.java:374) ~[spring-security-web-6.2.4.jar:6.2.4]
	at org.springframework.security.web.session.DisableEncodeUrlFilter.doFilterInternal(DisableEncodeUrlFilter.java:42) ~[spring-security-web-6.2.4.jar:6.2.4]
	at org.springframework.web.filter.OncePerRequestFilter.doFilter(OncePerRequestFilter.java:116) ~[spring-web-6.1.6.jar:6.1.6]
	at org.springframework.security.web.FilterChainProxy$VirtualFilterChain.doFilter(FilterChainProxy.java:374) ~[spring-security-web-6.2.4.jar:6.2.4]
	at org.springframework.security.web.FilterChainProxy.doFilterInternal(FilterChainProxy.java:233) ~[spring-security-web-6.2.4.jar:6.2.4]
	at org.springframework.security.web.FilterChainProxy.doFilter(FilterChainProxy.java:191) ~[spring-security-web-6.2.4.jar:6.2.4]
	at org.springframework.web.filter.CompositeFilter$VirtualFilterChain.doFilter(CompositeFilter.java:113) ~[spring-web-6.1.6.jar:6.1.6]
	at org.springframework.web.servlet.handler.HandlerMappingIntrospector.lambda$createCacheFilter$3(HandlerMappingIntrospector.java:195) ~[spring-webmvc-6.1.6.jar:6.1.6]
	at org.springframework.web.filter.CompositeFilter$VirtualFilterChain.doFilter(CompositeFilter.java:113) ~[spring-web-6.1.6.jar:6.1.6]
	at org.springframework.web.filter.CompositeFilter.doFilter(CompositeFilter.java:74) ~[spring-web-6.1.6.jar:6.1.6]
	at org.springframework.security.config.annotation.web.configuration.WebMvcSecurityConfiguration$CompositeFilterChainProxy.doFilter(WebMvcSecurityConfiguration.java:230) ~[spring-security-config-6.2.4.jar:6.2.4]
	at org.springframework.web.filter.DelegatingFilterProxy.invokeDelegate(DelegatingFilterProxy.java:352) ~[spring-web-6.1.6.jar:6.1.6]
	at org.springframework.web.filter.DelegatingFilterProxy.doFilter(DelegatingFilterProxy.java:268) ~[spring-web-6.1.6.jar:6.1.6]
	at org.apache.catalina.core.ApplicationFilterChain.internalDoFilter(ApplicationFilterChain.java:175) ~[tomcat-embed-core-10.1.20.jar:10.1.20]
	at org.apache.catalina.core.ApplicationFilterChain.doFilter(ApplicationFilterChain.java:150) ~[tomcat-embed-core-10.1.20.jar:10.1.20]
	at org.springframework.web.filter.RequestContextFilter.doFilterInternal(RequestContextFilter.java:100) ~[spring-web-6.1.6.jar:6.1.6]
	at org.springframework.web.filter.OncePerRequestFilter.doFilter(OncePerRequestFilter.java:116) ~[spring-web-6.1.6.jar:6.1.6]
	at org.apache.catalina.core.ApplicationFilterChain.internalDoFilter(ApplicationFilterChain.java:175) ~[tomcat-embed-core-10.1.20.jar:10.1.20]
	at org.apache.catalina.core.ApplicationFilterChain.doFilter(ApplicationFilterChain.java:150) ~[tomcat-embed-core-10.1.20.jar:10.1.20]
	at org.springframework.web.filter.FormContentFilter.doFilterInternal(FormContentFilter.java:93) ~[spring-web-6.1.6.jar:6.1.6]
	at org.springframework.web.filter.OncePerRequestFilter.doFilter(OncePerRequestFilter.java:116) ~[spring-web-6.1.6.jar:6.1.6]
	at org.apache.catalina.core.ApplicationFilterChain.internalDoFilter(ApplicationFilterChain.java:175) ~[tomcat-embed-core-10.1.20.jar:10.1.20]
	at org.apache.catalina.core.ApplicationFilterChain.doFilter(ApplicationFilterChain.java:150) ~[tomcat-embed-core-10.1.20.jar:10.1.20]
	at org.springframework.web.filter.CharacterEncodingFilter.doFilterInternal(CharacterEncodingFilter.java:201) ~[spring-web-6.1.6.jar:6.1.6]
	at org.springframework.web.filter.OncePerRequestFilter.doFilter(OncePerRequestFilter.java:116) ~[spring-web-6.1.6.jar:6.1.6]
	at org.apache.catalina.core.ApplicationFilterChain.internalDoFilter(ApplicationFilterChain.java:175) ~[tomcat-embed-core-10.1.20.jar:10.1.20]
	at org.apache.catalina.core.ApplicationFilterChain.doFilter(ApplicationFilterChain.java:150) ~[tomcat-embed-core-10.1.20.jar:10.1.20]
	at org.apache.catalina.core.StandardWrapperValve.invoke(StandardWrapperValve.java:167) ~[tomcat-embed-core-10.1.20.jar:10.1.20]
	at org.apache.catalina.core.StandardContextValve.invoke(StandardContextValve.java:90) ~[tomcat-embed-core-10.1.20.jar:10.1.20]
	at org.apache.catalina.authenticator.AuthenticatorBase.invoke(AuthenticatorBase.java:482) ~[tomcat-embed-core-10.1.20.jar:10.1.20]
	at org.apache.catalina.core.StandardHostValve.invoke(StandardHostValve.java:115) ~[tomcat-embed-core-10.1.20.jar:10.1.20]
	at org.apache.catalina.valves.ErrorReportValve.invoke(ErrorReportValve.java:93) ~[tomcat-embed-core-10.1.20.jar:10.1.20]
	at org.apache.catalina.core.StandardEngineValve.invoke(StandardEngineValve.java:74) ~[tomcat-embed-core-10.1.20.jar:10.1.20]
	at org.apache.catalina.connector.CoyoteAdapter.service(CoyoteAdapter.java:344) ~[tomcat-embed-core-10.1.20.jar:10.1.20]
	at org.apache.coyote.http11.Http11Processor.service(Http11Processor.java:391) ~[tomcat-embed-core-10.1.20.jar:10.1.20]
	at org.apache.coyote.AbstractProcessorLight.process(AbstractProcessorLight.java:63) ~[tomcat-embed-core-10.1.20.jar:10.1.20]
	at org.apache.coyote.AbstractProtocol$ConnectionHandler.process(AbstractProtocol.java:896) ~[tomcat-embed-core-10.1.20.jar:10.1.20]
	at org.apache.tomcat.util.net.NioEndpoint$SocketProcessor.doRun(NioEndpoint.java:1736) ~[tomcat-embed-core-10.1.20.jar:10.1.20]
	at org.apache.tomcat.util.net.SocketProcessorBase.run(SocketProcessorBase.java:52) ~[tomcat-embed-core-10.1.20.jar:10.1.20]
	at org.apache.tomcat.util.threads.ThreadPoolExecutor.runWorker(ThreadPoolExecutor.java:1191) ~[tomcat-embed-core-10.1.20.jar:10.1.20]
	at org.apache.tomcat.util.threads.ThreadPoolExecutor$Worker.run(ThreadPoolExecutor.java:659) ~[tomcat-embed-core-10.1.20.jar:10.1.20]
	at org.apache.tomcat.util.threads.TaskThread$WrappingRunnable.run(TaskThread.java:63) ~[tomcat-embed-core-10.1.20.jar:10.1.20]
	at java.base/java.lang.Thread.run(Thread.java:1570) ~[na:na]

2025-06-20T08:58:32.310+07:00 DEBUG 5744 --- [victoryMoments] [http-nio-8080-exec-1] o.s.security.web.FilterChainProxy        : Securing POST /error
2025-06-20T08:58:32.311+07:00 DEBUG 5744 --- [victoryMoments] [http-nio-8080-exec-1] o.s.s.w.a.AnonymousAuthenticationFilter  : Set SecurityContextHolder to anonymous SecurityContext
2025-06-20T08:58:32.311+07:00 DEBUG 5744 --- [victoryMoments] [http-nio-8080-exec-1] o.s.s.w.a.Http403ForbiddenEntryPoint     : Pre-authenticated entry point called. Rejecting access
2025-06-20T08:58:32.326+07:00  INFO 5744 --- [victoryMoments] [http-nio-8080-exec-10] c.e.victorymoments.service.EmailService  : Welcome email sent successfully to NhaPhuongenten1@gmail.com
2025-06-20T08:58:32.328+07:00 DEBUG 5744 --- [victoryMoments] [http-nio-8080-exec-10] o.s.w.s.m.m.a.HttpEntityMethodProcessor  : Using 'application/json', given [application/json, text/plain, */*] and supported [application/json, application/*+json]
2025-06-20T08:58:32.328+07:00 DEBUG 5744 --- [victoryMoments] [http-nio-8080-exec-10] o.s.w.s.m.m.a.HttpEntityMethodProcessor  : Writing [AuthResponse(token=eyJhbGciOiJIUzI1NiJ9.eyJzdWIiOiJOaGFQaHVvbmdlbnRlbjFAZ21haWwuY29tIiwidXNlcklkIjoi (truncated)...]
2025-06-20T08:58:32.329+07:00 DEBUG 5744 --- [victoryMoments] [http-nio-8080-exec-10] o.s.web.servlet.DispatcherServlet        : Completed 200 OK
2025-06-20T08:58:50.053+07:00 DEBUG 5744 --- [victoryMoments] [http-nio-8080-exec-2] o.s.security.web.FilterChainProxy        : Securing POST /api/auth/login
2025-06-20T08:58:50.055+07:00 DEBUG 5744 --- [victoryMoments] [http-nio-8080-exec-2] o.s.s.w.a.AnonymousAuthenticationFilter  : Set SecurityContextHolder to anonymous SecurityContext
2025-06-20T08:58:50.055+07:00 DEBUG 5744 --- [victoryMoments] [http-nio-8080-exec-2] o.s.security.web.FilterChainProxy        : Secured POST /api/auth/login
2025-06-20T08:58:50.056+07:00 DEBUG 5744 --- [victoryMoments] [http-nio-8080-exec-2] o.s.web.servlet.DispatcherServlet        : POST "/api/auth/login", parameters={}
2025-06-20T08:58:50.056+07:00 DEBUG 5744 --- [victoryMoments] [http-nio-8080-exec-2] s.w.s.m.m.a.RequestMappingHandlerMapping : Mapped to com.example.victorymoments.controller.AuthController#login(AuthRequest)
2025-06-20T08:58:50.058+07:00 DEBUG 5744 --- [victoryMoments] [http-nio-8080-exec-2] m.m.a.RequestResponseBodyMethodProcessor : Read "application/json;charset=UTF-8" to [AuthRequest(email=NhaPhuongenten1@gmail.com, password=30041998aA@)]
2025-06-20T08:58:50.718+07:00 DEBUG 5744 --- [victoryMoments] [http-nio-8080-exec-2] o.s.s.a.dao.DaoAuthenticationProvider    : Authenticated user
2025-06-20T08:58:50.741+07:00 DEBUG 5744 --- [victoryMoments] [http-nio-8080-exec-2] o.s.w.s.m.m.a.HttpEntityMethodProcessor  : Using 'application/json', given [application/json, text/plain, */*] and supported [application/json, application/*+json]
2025-06-20T08:58:50.743+07:00 DEBUG 5744 --- [victoryMoments] [http-nio-8080-exec-2] o.s.w.s.m.m.a.HttpEntityMethodProcessor  : Writing [AuthResponse(token=eyJhbGciOiJIUzI1NiJ9.eyJzdWIiOiJOaGFQaHVvbmdlbnRlbjFAZ21haWwuY29tIiwidXNlcklkIjoi (truncated)...]
2025-06-20T08:58:50.744+07:00 DEBUG 5744 --- [victoryMoments] [http-nio-8080-exec-2] o.s.web.servlet.DispatcherServlet        : Completed 200 OK
2025-06-20T08:58:54.172+07:00 DEBUG 5744 --- [victoryMoments] [http-nio-8080-exec-3] o.s.security.web.FilterChainProxy        : Securing OPTIONS /api/posts
2025-06-20T08:58:54.270+07:00 DEBUG 5744 --- [victoryMoments] [http-nio-8080-exec-7] o.s.security.web.FilterChainProxy        : Securing POST /api/posts
2025-06-20T08:58:54.323+07:00 DEBUG 5744 --- [victoryMoments] [http-nio-8080-exec-7] o.s.security.web.FilterChainProxy        : Secured POST /api/posts
2025-06-20T08:58:54.323+07:00 DEBUG 5744 --- [victoryMoments] [http-nio-8080-exec-7] o.s.web.servlet.DispatcherServlet        : POST "/api/posts", parameters={multipart}
2025-06-20T08:58:54.351+07:00 DEBUG 5744 --- [victoryMoments] [http-nio-8080-exec-7] s.w.s.m.m.a.RequestMappingHandlerMapping : Mapped to com.example.victorymoments.controller.PostController#create(PostRequest, List, List, List, HttpServletRequest)
2025-06-20T08:58:54.366+07:00 DEBUG 5744 --- [victoryMoments] [http-nio-8080-exec-7] .m.m.a.RequestPartMethodArgumentResolver : Read "application/json" to [PostRequest(userId=null, content=áddsadsa, images=null, videos=null, audios=null, location=, privacy (truncated)...]
2025-06-20T08:58:54.577+07:00 DEBUG 5744 --- [victoryMoments] [http-nio-8080-exec-7] o.s.w.s.m.m.a.HttpEntityMethodProcessor  : Using 'application/json', given [application/json, text/plain, */*] and supported [application/json, application/*+json]
2025-06-20T08:58:54.588+07:00 DEBUG 5744 --- [victoryMoments] [http-nio-8080-exec-7] o.s.w.s.m.m.a.HttpEntityMethodProcessor  : Writing [PostResponse(id=6854c05ea356ff60aa410a1f, author=UserResponse(id=6854c02fa356ff60aa410a1e, name=duy  (truncated)...]
2025-06-20T08:58:54.593+07:00 DEBUG 5744 --- [victoryMoments] [http-nio-8080-exec-7] o.s.web.servlet.DispatcherServlet        : Completed 200 OK
2025-06-20T08:58:58.725+07:00 DEBUG 5744 --- [victoryMoments] [http-nio-8080-exec-5] o.s.security.web.FilterChainProxy        : Securing POST /api/posts
2025-06-20T08:58:58.768+07:00 DEBUG 5744 --- [victoryMoments] [http-nio-8080-exec-5] o.s.security.web.FilterChainProxy        : Secured POST /api/posts
2025-06-20T08:58:58.768+07:00 DEBUG 5744 --- [victoryMoments] [http-nio-8080-exec-5] o.s.web.servlet.DispatcherServlet        : POST "/api/posts", parameters={multipart}
2025-06-20T08:58:58.771+07:00 DEBUG 5744 --- [victoryMoments] [http-nio-8080-exec-5] s.w.s.m.m.a.RequestMappingHandlerMapping : Mapped to com.example.victorymoments.controller.PostController#create(PostRequest, List, List, List, HttpServletRequest)
2025-06-20T08:58:58.772+07:00 DEBUG 5744 --- [victoryMoments] [http-nio-8080-exec-5] .m.m.a.RequestPartMethodArgumentResolver : Read "application/json" to [PostRequest(userId=null, content=sấddas, images=null, videos=null, audios=null, location=, privacy=P (truncated)...]
2025-06-20T08:58:58.809+07:00 DEBUG 5744 --- [victoryMoments] [http-nio-8080-exec-5] o.s.w.s.m.m.a.HttpEntityMethodProcessor  : Using 'application/json', given [application/json, text/plain, */*] and supported [application/json, application/*+json]
2025-06-20T08:58:58.811+07:00 DEBUG 5744 --- [victoryMoments] [http-nio-8080-exec-5] o.s.w.s.m.m.a.HttpEntityMethodProcessor  : Writing [PostResponse(id=6854c062a356ff60aa410a20, author=UserResponse(id=6854c02fa356ff60aa410a1e, name=duy  (truncated)...]
2025-06-20T08:58:58.813+07:00 DEBUG 5744 --- [victoryMoments] [http-nio-8080-exec-5] o.s.web.servlet.DispatcherServlet        : Completed 200 OK
2025-06-20T09:00:13.763+07:00 DEBUG 5744 --- [victoryMoments] [http-nio-8080-exec-8] o.s.security.web.FilterChainProxy        : Securing POST /api/auth/login
2025-06-20T09:00:13.765+07:00 DEBUG 5744 --- [victoryMoments] [http-nio-8080-exec-8] o.s.s.w.a.AnonymousAuthenticationFilter  : Set SecurityContextHolder to anonymous SecurityContext
2025-06-20T09:00:13.765+07:00 DEBUG 5744 --- [victoryMoments] [http-nio-8080-exec-8] o.s.security.web.FilterChainProxy        : Secured POST /api/auth/login
2025-06-20T09:00:13.765+07:00 DEBUG 5744 --- [victoryMoments] [http-nio-8080-exec-8] o.s.web.servlet.DispatcherServlet        : POST "/api/auth/login", parameters={}
2025-06-20T09:00:13.766+07:00 DEBUG 5744 --- [victoryMoments] [http-nio-8080-exec-8] s.w.s.m.m.a.RequestMappingHandlerMapping : Mapped to com.example.victorymoments.controller.AuthController#login(AuthRequest)
2025-06-20T09:00:13.768+07:00 DEBUG 5744 --- [victoryMoments] [http-nio-8080-exec-8] m.m.a.RequestResponseBodyMethodProcessor : Read "application/json;charset=UTF-8" to [AuthRequest(email=NhaPhuongenten1@gmail.com, password=30041998aA@)]
2025-06-20T09:00:13.876+07:00 DEBUG 5744 --- [victoryMoments] [http-nio-8080-exec-8] o.s.s.a.dao.DaoAuthenticationProvider    : Authenticated user
2025-06-20T09:00:13.880+07:00 DEBUG 5744 --- [victoryMoments] [http-nio-8080-exec-8] o.s.w.s.m.m.a.HttpEntityMethodProcessor  : Using 'application/json', given [application/json, text/plain, */*] and supported [application/json, application/*+json]
2025-06-20T09:00:13.880+07:00 DEBUG 5744 --- [victoryMoments] [http-nio-8080-exec-8] o.s.w.s.m.m.a.HttpEntityMethodProcessor  : Writing [AuthResponse(token=eyJhbGciOiJIUzI1NiJ9.eyJzdWIiOiJOaGFQaHVvbmdlbnRlbjFAZ21haWwuY29tIiwidXNlcklkIjoi (truncated)...]
2025-06-20T09:00:13.881+07:00 DEBUG 5744 --- [victoryMoments] [http-nio-8080-exec-8] o.s.web.servlet.DispatcherServlet        : Completed 200 OK
2025-06-20T09:03:37.469+07:00 DEBUG 5744 --- [victoryMoments] [http-nio-8080-exec-1] o.s.security.web.FilterChainProxy        : Securing POST /api/auth/login
2025-06-20T09:03:37.470+07:00 DEBUG 5744 --- [victoryMoments] [http-nio-8080-exec-1] o.s.s.w.a.AnonymousAuthenticationFilter  : Set SecurityContextHolder to anonymous SecurityContext
2025-06-20T09:03:37.470+07:00 DEBUG 5744 --- [victoryMoments] [http-nio-8080-exec-1] o.s.security.web.FilterChainProxy        : Secured POST /api/auth/login
2025-06-20T09:03:37.470+07:00 DEBUG 5744 --- [victoryMoments] [http-nio-8080-exec-1] o.s.web.servlet.DispatcherServlet        : POST "/api/auth/login", parameters={}
2025-06-20T09:03:37.471+07:00 DEBUG 5744 --- [victoryMoments] [http-nio-8080-exec-1] s.w.s.m.m.a.RequestMappingHandlerMapping : Mapped to com.example.victorymoments.controller.AuthController#login(AuthRequest)
2025-06-20T09:03:37.471+07:00 DEBUG 5744 --- [victoryMoments] [http-nio-8080-exec-1] m.m.a.RequestResponseBodyMethodProcessor : Read "application/json;charset=UTF-8" to [AuthRequest(email=baonguyen@gmail.com, password=Veron@123)]
2025-06-20T09:03:37.590+07:00 DEBUG 5744 --- [victoryMoments] [http-nio-8080-exec-1] o.s.s.a.dao.DaoAuthenticationProvider    : Authenticated user
2025-06-20T09:03:37.595+07:00 DEBUG 5744 --- [victoryMoments] [http-nio-8080-exec-1] o.s.w.s.m.m.a.HttpEntityMethodProcessor  : Using 'application/json', given [application/json, text/plain, */*] and supported [application/json, application/*+json]
2025-06-20T09:03:37.596+07:00 DEBUG 5744 --- [victoryMoments] [http-nio-8080-exec-1] o.s.w.s.m.m.a.HttpEntityMethodProcessor  : Writing [AuthResponse(token=eyJhbGciOiJIUzI1NiJ9.eyJzdWIiOiJiYW9uZ3V5ZW5AZ21haWwuY29tIiwidXNlcklkIjoiNjg0Yjk3 (truncated)...]
2025-06-20T09:03:37.598+07:00 DEBUG 5744 --- [victoryMoments] [http-nio-8080-exec-1] o.s.web.servlet.DispatcherServlet        : Completed 200 OK
2025-06-20T09:06:51.507+07:00 DEBUG 5744 --- [victoryMoments] [http-nio-8080-exec-2] o.s.security.web.FilterChainProxy        : Securing OPTIONS /api/users/search?query=0
