2025-06-13T09:35:01.432+07:00  INFO 4992 --- [victoryMoments] [restartedMain] c.e.v.VictoryMomentsApplication          : Starting VictoryMomentsApplication using Java 21.0.4 with PID 4992 (D:\Veron\SpringBoot_Veron\victoryMoments\target\classes started by XuanBao in D:\Veron\SpringBoot_Veron\victoryMoments)
2025-06-13T09:35:01.442+07:00 DEBUG 4992 --- [victoryMoments] [restartedMain] c.e.v.VictoryMomentsApplication          : Running with Spring Boot v3.2.5, Spring v6.1.6
2025-06-13T09:35:01.444+07:00  INFO 4992 --- [victoryMoments] [restartedMain] c.e.v.VictoryMomentsApplication          : No active profile set, falling back to 1 default profile: "default"
2025-06-13T09:35:01.513+07:00  INFO 4992 --- [victoryMoments] [restartedMain] .e.DevToolsPropertyDefaultsPostProcessor : Devtools property defaults active! Set 'spring.devtools.add-properties' to 'false' to disable
2025-06-13T09:35:01.514+07:00  INFO 4992 --- [victoryMoments] [restartedMain] .e.DevToolsPropertyDefaultsPostProcessor : For additional web related logging consider setting the 'logging.level.web' property to 'DEBUG'
2025-06-13T09:35:02.657+07:00  INFO 4992 --- [victoryMoments] [restartedMain] .s.d.r.c.RepositoryConfigurationDelegate : Bootstrapping Spring Data MongoDB repositories in DEFAULT mode.
2025-06-13T09:35:02.734+07:00  INFO 4992 --- [victoryMoments] [restartedMain] .s.d.r.c.RepositoryConfigurationDelegate : Finished Spring Data repository scanning in 70 ms. Found 3 MongoDB repository interfaces.
2025-06-13T09:35:03.368+07:00  INFO 4992 --- [victoryMoments] [restartedMain] o.s.b.w.embedded.tomcat.TomcatWebServer  : Tomcat initialized with port 8080 (http)
2025-06-13T09:35:03.386+07:00  INFO 4992 --- [victoryMoments] [restartedMain] o.apache.catalina.core.StandardService   : Starting service [Tomcat]
2025-06-13T09:35:03.386+07:00  INFO 4992 --- [victoryMoments] [restartedMain] o.apache.catalina.core.StandardEngine    : Starting Servlet engine: [Apache Tomcat/10.1.20]
2025-06-13T09:35:03.454+07:00  INFO 4992 --- [victoryMoments] [restartedMain] o.a.c.c.C.[Tomcat].[localhost].[/]       : Initializing Spring embedded WebApplicationContext
2025-06-13T09:35:03.455+07:00  INFO 4992 --- [victoryMoments] [restartedMain] w.s.c.ServletWebServerApplicationContext : Root WebApplicationContext: initialization completed in 1941 ms
2025-06-13T09:35:03.676+07:00  INFO 4992 --- [victoryMoments] [restartedMain] org.mongodb.driver.client                : MongoClient with metadata {"driver": {"name": "mongo-java-driver|sync|spring-boot", "version": "4.11.2"}, "os": {"type": "Windows", "name": "Windows 11", "architecture": "amd64", "version": "10.0"}, "platform": "Java/Amazon.com Inc./21.0.4+7-LTS"} created with settings MongoClientSettings{readPreference=primary, writeConcern=WriteConcern{w=null, wTimeout=null ms, journal=null}, retryWrites=true, retryReads=true, readConcern=ReadConcern{level=null}, credential=null, transportSettings=null, streamFactoryFactory=null, commandListeners=[], codecRegistry=ProvidersCodecRegistry{codecProviders=[ValueCodecProvider{}, BsonValueCodecProvider{}, DBRefCodecProvider{}, DBObjectCodecProvider{}, DocumentCodecProvider{}, CollectionCodecProvider{}, IterableCodecProvider{}, MapCodecProvider{}, GeoJsonCodecProvider{}, GridFSFileCodecProvider{}, Jsr310CodecProvider{}, JsonObjectCodecProvider{}, BsonCodecProvider{}, EnumCodecProvider{}, com.mongodb.client.model.mql.ExpressionCodecProvider@748cb5c4, com.mongodb.Jep395RecordCodecProvider@2280afbb, com.mongodb.KotlinCodecProvider@47498041]}, loggerSettings=LoggerSettings{maxDocumentLength=1000}, clusterSettings={hosts=[localhost:27017], srvServiceName=mongodb, mode=SINGLE, requiredClusterType=UNKNOWN, requiredReplicaSetName='null', serverSelector='null', clusterListeners='[]', serverSelectionTimeout='30000 ms', localThreshold='15 ms'}, socketSettings=SocketSettings{connectTimeoutMS=10000, readTimeoutMS=0, receiveBufferSize=0, proxySettings=ProxySettings{host=null, port=null, username=null, password=null}}, heartbeatSocketSettings=SocketSettings{connectTimeoutMS=10000, readTimeoutMS=10000, receiveBufferSize=0, proxySettings=ProxySettings{host=null, port=null, username=null, password=null}}, connectionPoolSettings=ConnectionPoolSettings{maxSize=100, minSize=0, maxWaitTimeMS=120000, maxConnectionLifeTimeMS=0, maxConnectionIdleTimeMS=0, maintenanceInitialDelayMS=0, maintenanceFrequencyMS=60000, connectionPoolListeners=[], maxConnecting=2}, serverSettings=ServerSettings{heartbeatFrequencyMS=10000, minHeartbeatFrequencyMS=500, serverListeners='[]', serverMonitorListeners='[]'}, sslSettings=SslSettings{enabled=false, invalidHostNameAllowed=false, context=null}, applicationName='null', compressorList=[], uuidRepresentation=JAVA_LEGACY, serverApi=null, autoEncryptionSettings=null, dnsClient=null, inetAddressResolver=null, contextProvider=null}
2025-06-13T09:35:03.695+07:00  INFO 4992 --- [victoryMoments] [cluster-ClusterId{value='684b8e57e891687a4efb77a8', description='null'}-localhost:27017] org.mongodb.driver.cluster               : Monitor thread successfully connected to server with description ServerDescription{address=localhost:27017, type=STANDALONE, state=CONNECTED, ok=true, minWireVersion=0, maxWireVersion=25, maxDocumentSize=16777216, logicalSessionTimeoutMinutes=30, roundTripTimeNanos=25112400}
2025-06-13T09:35:04.645+07:00 DEBUG 4992 --- [victoryMoments] [restartedMain] c.e.v.config.JwtAuthenticationFilter     : Filter 'jwtAuthenticationFilter' configured for use
2025-06-13T09:35:04.773+07:00  INFO 4992 --- [victoryMoments] [restartedMain] o.s.b.d.a.OptionalLiveReloadServer       : LiveReload server is running on port 35729
2025-06-13T09:35:08.131+07:00 DEBUG 4992 --- [victoryMoments] [restartedMain] s.w.s.m.m.a.RequestMappingHandlerMapping : 25 mappings in 'requestMappingHandlerMapping'
2025-06-13T09:35:08.290+07:00 DEBUG 4992 --- [victoryMoments] [restartedMain] o.s.w.s.handler.SimpleUrlHandlerMapping  : Patterns [/webjars/**, /**, /media/**, /static/**, /swagger-ui*/*swagger-initializer.js, /swagger-ui*/**] in 'resourceHandlerMapping'
2025-06-13T09:35:08.402+07:00  INFO 4992 --- [victoryMoments] [restartedMain] o.s.s.web.DefaultSecurityFilterChain     : Will secure any request with [org.springframework.security.web.session.DisableEncodeUrlFilter@74384fe8, org.springframework.security.web.context.request.async.WebAsyncManagerIntegrationFilter@430f31a0, org.springframework.security.web.context.SecurityContextHolderFilter@7eb1add0, org.springframework.security.web.header.HeaderWriterFilter@5b39000c, org.springframework.web.filter.CorsFilter@520d99ab, org.springframework.security.web.authentication.logout.LogoutFilter@312ba098, com.example.victorymoments.config.JwtAuthenticationFilter@1ba707a3, org.springframework.security.web.savedrequest.RequestCacheAwareFilter@7658c5d7, org.springframework.security.web.servletapi.SecurityContextHolderAwareRequestFilter@21e7453e, org.springframework.security.web.authentication.AnonymousAuthenticationFilter@76f9f42d, org.springframework.security.web.session.SessionManagementFilter@2e17dce1, org.springframework.security.web.access.ExceptionTranslationFilter@463d935c, org.springframework.security.web.access.intercept.AuthorizationFilter@3fc1083f]
2025-06-13T09:35:08.603+07:00 DEBUG 4992 --- [victoryMoments] [restartedMain] s.w.s.m.m.a.RequestMappingHandlerAdapter : ControllerAdvice beans: 0 @ModelAttribute, 0 @InitBinder, 1 RequestBodyAdvice, 1 ResponseBodyAdvice
2025-06-13T09:35:08.680+07:00 DEBUG 4992 --- [victoryMoments] [restartedMain] .m.m.a.ExceptionHandlerExceptionResolver : ControllerAdvice beans: 2 @ExceptionHandler, 1 ResponseBodyAdvice
2025-06-13T09:35:09.058+07:00  INFO 4992 --- [victoryMoments] [restartedMain] o.s.b.w.embedded.tomcat.TomcatWebServer  : Tomcat started on port 8080 (http) with context path ''
2025-06-13T09:35:09.073+07:00  INFO 4992 --- [victoryMoments] [restartedMain] c.e.v.VictoryMomentsApplication          : Started VictoryMomentsApplication in 8.231 seconds (process running for 20.038)
2025-06-13T10:00:25.193+07:00  INFO 4992 --- [victoryMoments] [http-nio-8080-exec-1] o.a.c.c.C.[Tomcat].[localhost].[/]       : Initializing Spring DispatcherServlet 'dispatcherServlet'
2025-06-13T10:00:25.197+07:00  INFO 4992 --- [victoryMoments] [http-nio-8080-exec-1] o.s.web.servlet.DispatcherServlet        : Initializing Servlet 'dispatcherServlet'
2025-06-13T10:00:25.198+07:00 DEBUG 4992 --- [victoryMoments] [http-nio-8080-exec-1] o.s.web.servlet.DispatcherServlet        : Detected StandardServletMultipartResolver
2025-06-13T10:00:25.198+07:00 DEBUG 4992 --- [victoryMoments] [http-nio-8080-exec-1] o.s.web.servlet.DispatcherServlet        : Detected AcceptHeaderLocaleResolver
2025-06-13T10:00:25.199+07:00 DEBUG 4992 --- [victoryMoments] [http-nio-8080-exec-1] o.s.web.servlet.DispatcherServlet        : Detected FixedThemeResolver
2025-06-13T10:00:25.208+07:00 DEBUG 4992 --- [victoryMoments] [http-nio-8080-exec-1] o.s.web.servlet.DispatcherServlet        : Detected org.springframework.web.servlet.view.DefaultRequestToViewNameTranslator@27e1cb1
2025-06-13T10:00:25.209+07:00 DEBUG 4992 --- [victoryMoments] [http-nio-8080-exec-1] o.s.web.servlet.DispatcherServlet        : Detected org.springframework.web.servlet.support.SessionFlashMapManager@cbc583e
2025-06-13T10:00:25.209+07:00 DEBUG 4992 --- [victoryMoments] [http-nio-8080-exec-1] o.s.web.servlet.DispatcherServlet        : enableLoggingRequestDetails='false': request parameters and headers will be masked to prevent unsafe logging of potentially sensitive data
2025-06-13T10:00:25.209+07:00  INFO 4992 --- [victoryMoments] [http-nio-8080-exec-1] o.s.web.servlet.DispatcherServlet        : Completed initialization in 12 ms
2025-06-13T10:00:25.240+07:00 DEBUG 4992 --- [victoryMoments] [http-nio-8080-exec-1] o.s.security.web.FilterChainProxy        : Securing GET /api/posts?page=0&size=10&sort=createdAt,desc
2025-06-13T10:00:25.266+07:00 DEBUG 4992 --- [victoryMoments] [http-nio-8080-exec-1] o.s.s.w.a.AnonymousAuthenticationFilter  : Set SecurityContextHolder to anonymous SecurityContext
2025-06-13T10:00:25.269+07:00 DEBUG 4992 --- [victoryMoments] [http-nio-8080-exec-1] o.s.security.web.FilterChainProxy        : Secured GET /api/posts?page=0&size=10&sort=createdAt,desc
2025-06-13T10:00:25.274+07:00 DEBUG 4992 --- [victoryMoments] [http-nio-8080-exec-1] o.s.web.servlet.DispatcherServlet        : GET "/api/posts?page=0&size=10&sort=createdAt,desc", parameters={masked}
2025-06-13T10:00:25.277+07:00 DEBUG 4992 --- [victoryMoments] [http-nio-8080-exec-1] s.w.s.m.m.a.RequestMappingHandlerMapping : Mapped to com.example.victorymoments.controller.PostController#list(Pageable, HttpServletRequest)
2025-06-13T10:00:25.301+07:00 DEBUG 4992 --- [victoryMoments] [http-nio-8080-exec-1] o.s.web.servlet.DispatcherServlet        : Failed to complete request: java.lang.NullPointerException: Cannot invoke "String.substring(int)" because the return value of "jakarta.servlet.http.HttpServletRequest.getHeader(String)" is null
2025-06-13T10:00:25.302+07:00 ERROR 4992 --- [victoryMoments] [http-nio-8080-exec-1] o.a.c.c.C.[.[.[/].[dispatcherServlet]    : Servlet.service() for servlet [dispatcherServlet] in context with path [] threw exception [Request processing failed: java.lang.NullPointerException: Cannot invoke "String.substring(int)" because the return value of "jakarta.servlet.http.HttpServletRequest.getHeader(String)" is null] with root cause

java.lang.NullPointerException: Cannot invoke "String.substring(int)" because the return value of "jakarta.servlet.http.HttpServletRequest.getHeader(String)" is null
	at com.example.victorymoments.controller.PostController.list(PostController.java:65) ~[classes/:na]
	at java.base/jdk.internal.reflect.DirectMethodHandleAccessor.invoke(DirectMethodHandleAccessor.java:103) ~[na:na]
	at java.base/java.lang.reflect.Method.invoke(Method.java:580) ~[na:na]
	at org.springframework.web.method.support.InvocableHandlerMethod.doInvoke(InvocableHandlerMethod.java:255) ~[spring-web-6.1.6.jar:6.1.6]
	at org.springframework.web.method.support.InvocableHandlerMethod.invokeForRequest(InvocableHandlerMethod.java:188) ~[spring-web-6.1.6.jar:6.1.6]
	at org.springframework.web.servlet.mvc.method.annotation.ServletInvocableHandlerMethod.invokeAndHandle(ServletInvocableHandlerMethod.java:118) ~[spring-webmvc-6.1.6.jar:6.1.6]
	at org.springframework.web.servlet.mvc.method.annotation.RequestMappingHandlerAdapter.invokeHandlerMethod(RequestMappingHandlerAdapter.java:926) ~[spring-webmvc-6.1.6.jar:6.1.6]
	at org.springframework.web.servlet.mvc.method.annotation.RequestMappingHandlerAdapter.handleInternal(RequestMappingHandlerAdapter.java:831) ~[spring-webmvc-6.1.6.jar:6.1.6]
	at org.springframework.web.servlet.mvc.method.AbstractHandlerMethodAdapter.handle(AbstractHandlerMethodAdapter.java:87) ~[spring-webmvc-6.1.6.jar:6.1.6]
	at org.springframework.web.servlet.DispatcherServlet.doDispatch(DispatcherServlet.java:1089) ~[spring-webmvc-6.1.6.jar:6.1.6]
	at org.springframework.web.servlet.DispatcherServlet.doService(DispatcherServlet.java:979) ~[spring-webmvc-6.1.6.jar:6.1.6]
	at org.springframework.web.servlet.FrameworkServlet.processRequest(FrameworkServlet.java:1014) ~[spring-webmvc-6.1.6.jar:6.1.6]
	at org.springframework.web.servlet.FrameworkServlet.doGet(FrameworkServlet.java:903) ~[spring-webmvc-6.1.6.jar:6.1.6]
	at jakarta.servlet.http.HttpServlet.service(HttpServlet.java:564) ~[tomcat-embed-core-10.1.20.jar:6.0]
	at org.springframework.web.servlet.FrameworkServlet.service(FrameworkServlet.java:885) ~[spring-webmvc-6.1.6.jar:6.1.6]
	at jakarta.servlet.http.HttpServlet.service(HttpServlet.java:658) ~[tomcat-embed-core-10.1.20.jar:6.0]
	at org.apache.catalina.core.ApplicationFilterChain.internalDoFilter(ApplicationFilterChain.java:206) ~[tomcat-embed-core-10.1.20.jar:10.1.20]
	at org.apache.catalina.core.ApplicationFilterChain.doFilter(ApplicationFilterChain.java:150) ~[tomcat-embed-core-10.1.20.jar:10.1.20]
	at org.apache.tomcat.websocket.server.WsFilter.doFilter(WsFilter.java:51) ~[tomcat-embed-websocket-10.1.20.jar:10.1.20]
	at org.apache.catalina.core.ApplicationFilterChain.internalDoFilter(ApplicationFilterChain.java:175) ~[tomcat-embed-core-10.1.20.jar:10.1.20]
	at org.apache.catalina.core.ApplicationFilterChain.doFilter(ApplicationFilterChain.java:150) ~[tomcat-embed-core-10.1.20.jar:10.1.20]
	at org.springframework.web.filter.OncePerRequestFilter.doFilter(OncePerRequestFilter.java:110) ~[spring-web-6.1.6.jar:6.1.6]
	at org.apache.catalina.core.ApplicationFilterChain.internalDoFilter(ApplicationFilterChain.java:175) ~[tomcat-embed-core-10.1.20.jar:10.1.20]
	at org.apache.catalina.core.ApplicationFilterChain.doFilter(ApplicationFilterChain.java:150) ~[tomcat-embed-core-10.1.20.jar:10.1.20]
	at org.springframework.web.filter.CompositeFilter$VirtualFilterChain.doFilter(CompositeFilter.java:108) ~[spring-web-6.1.6.jar:6.1.6]
	at org.springframework.security.web.FilterChainProxy.lambda$doFilterInternal$3(FilterChainProxy.java:231) ~[spring-security-web-6.2.4.jar:6.2.4]
	at org.springframework.security.web.FilterChainProxy$VirtualFilterChain.doFilter(FilterChainProxy.java:365) ~[spring-security-web-6.2.4.jar:6.2.4]
	at org.springframework.security.web.access.intercept.AuthorizationFilter.doFilter(AuthorizationFilter.java:100) ~[spring-security-web-6.2.4.jar:6.2.4]
	at org.springframework.security.web.FilterChainProxy$VirtualFilterChain.doFilter(FilterChainProxy.java:374) ~[spring-security-web-6.2.4.jar:6.2.4]
	at org.springframework.security.web.access.ExceptionTranslationFilter.doFilter(ExceptionTranslationFilter.java:126) ~[spring-security-web-6.2.4.jar:6.2.4]
	at org.springframework.security.web.access.ExceptionTranslationFilter.doFilter(ExceptionTranslationFilter.java:120) ~[spring-security-web-6.2.4.jar:6.2.4]
	at org.springframework.security.web.FilterChainProxy$VirtualFilterChain.doFilter(FilterChainProxy.java:374) ~[spring-security-web-6.2.4.jar:6.2.4]
	at org.springframework.security.web.session.SessionManagementFilter.doFilter(SessionManagementFilter.java:131) ~[spring-security-web-6.2.4.jar:6.2.4]
	at org.springframework.security.web.session.SessionManagementFilter.doFilter(SessionManagementFilter.java:85) ~[spring-security-web-6.2.4.jar:6.2.4]
	at org.springframework.security.web.FilterChainProxy$VirtualFilterChain.doFilter(FilterChainProxy.java:374) ~[spring-security-web-6.2.4.jar:6.2.4]
	at org.springframework.security.web.authentication.AnonymousAuthenticationFilter.doFilter(AnonymousAuthenticationFilter.java:100) ~[spring-security-web-6.2.4.jar:6.2.4]
	at org.springframework.security.web.FilterChainProxy$VirtualFilterChain.doFilter(FilterChainProxy.java:374) ~[spring-security-web-6.2.4.jar:6.2.4]
	at org.springframework.security.web.servletapi.SecurityContextHolderAwareRequestFilter.doFilter(SecurityContextHolderAwareRequestFilter.java:179) ~[spring-security-web-6.2.4.jar:6.2.4]
	at org.springframework.security.web.FilterChainProxy$VirtualFilterChain.doFilter(FilterChainProxy.java:374) ~[spring-security-web-6.2.4.jar:6.2.4]
	at org.springframework.security.web.savedrequest.RequestCacheAwareFilter.doFilter(RequestCacheAwareFilter.java:63) ~[spring-security-web-6.2.4.jar:6.2.4]
	at org.springframework.security.web.FilterChainProxy$VirtualFilterChain.doFilter(FilterChainProxy.java:374) ~[spring-security-web-6.2.4.jar:6.2.4]
	at com.example.victorymoments.config.JwtAuthenticationFilter.doFilterInternal(JwtAuthenticationFilter.java:86) ~[classes/:na]
	at org.springframework.web.filter.OncePerRequestFilter.doFilter(OncePerRequestFilter.java:116) ~[spring-web-6.1.6.jar:6.1.6]
	at org.springframework.security.web.FilterChainProxy$VirtualFilterChain.doFilter(FilterChainProxy.java:374) ~[spring-security-web-6.2.4.jar:6.2.4]
	at org.springframework.security.web.authentication.logout.LogoutFilter.doFilter(LogoutFilter.java:107) ~[spring-security-web-6.2.4.jar:6.2.4]
	at org.springframework.security.web.authentication.logout.LogoutFilter.doFilter(LogoutFilter.java:93) ~[spring-security-web-6.2.4.jar:6.2.4]
	at org.springframework.security.web.FilterChainProxy$VirtualFilterChain.doFilter(FilterChainProxy.java:374) ~[spring-security-web-6.2.4.jar:6.2.4]
	at org.springframework.web.filter.CorsFilter.doFilterInternal(CorsFilter.java:91) ~[spring-web-6.1.6.jar:6.1.6]
	at org.springframework.web.filter.OncePerRequestFilter.doFilter(OncePerRequestFilter.java:116) ~[spring-web-6.1.6.jar:6.1.6]
	at org.springframework.security.web.FilterChainProxy$VirtualFilterChain.doFilter(FilterChainProxy.java:374) ~[spring-security-web-6.2.4.jar:6.2.4]
	at org.springframework.security.web.header.HeaderWriterFilter.doHeadersAfter(HeaderWriterFilter.java:90) ~[spring-security-web-6.2.4.jar:6.2.4]
	at org.springframework.security.web.header.HeaderWriterFilter.doFilterInternal(HeaderWriterFilter.java:75) ~[spring-security-web-6.2.4.jar:6.2.4]
	at org.springframework.web.filter.OncePerRequestFilter.doFilter(OncePerRequestFilter.java:116) ~[spring-web-6.1.6.jar:6.1.6]
	at org.springframework.security.web.FilterChainProxy$VirtualFilterChain.doFilter(FilterChainProxy.java:374) ~[spring-security-web-6.2.4.jar:6.2.4]
	at org.springframework.security.web.context.SecurityContextHolderFilter.doFilter(SecurityContextHolderFilter.java:82) ~[spring-security-web-6.2.4.jar:6.2.4]
	at org.springframework.security.web.context.SecurityContextHolderFilter.doFilter(SecurityContextHolderFilter.java:69) ~[spring-security-web-6.2.4.jar:6.2.4]
	at org.springframework.security.web.FilterChainProxy$VirtualFilterChain.doFilter(FilterChainProxy.java:374) ~[spring-security-web-6.2.4.jar:6.2.4]
	at org.springframework.security.web.context.request.async.WebAsyncManagerIntegrationFilter.doFilterInternal(WebAsyncManagerIntegrationFilter.java:62) ~[spring-security-web-6.2.4.jar:6.2.4]
	at org.springframework.web.filter.OncePerRequestFilter.doFilter(OncePerRequestFilter.java:116) ~[spring-web-6.1.6.jar:6.1.6]
	at org.springframework.security.web.FilterChainProxy$VirtualFilterChain.doFilter(FilterChainProxy.java:374) ~[spring-security-web-6.2.4.jar:6.2.4]
	at org.springframework.security.web.session.DisableEncodeUrlFilter.doFilterInternal(DisableEncodeUrlFilter.java:42) ~[spring-security-web-6.2.4.jar:6.2.4]
	at org.springframework.web.filter.OncePerRequestFilter.doFilter(OncePerRequestFilter.java:116) ~[spring-web-6.1.6.jar:6.1.6]
	at org.springframework.security.web.FilterChainProxy$VirtualFilterChain.doFilter(FilterChainProxy.java:374) ~[spring-security-web-6.2.4.jar:6.2.4]
	at org.springframework.security.web.FilterChainProxy.doFilterInternal(FilterChainProxy.java:233) ~[spring-security-web-6.2.4.jar:6.2.4]
	at org.springframework.security.web.FilterChainProxy.doFilter(FilterChainProxy.java:191) ~[spring-security-web-6.2.4.jar:6.2.4]
	at org.springframework.web.filter.CompositeFilter$VirtualFilterChain.doFilter(CompositeFilter.java:113) ~[spring-web-6.1.6.jar:6.1.6]
	at org.springframework.web.servlet.handler.HandlerMappingIntrospector.lambda$createCacheFilter$3(HandlerMappingIntrospector.java:195) ~[spring-webmvc-6.1.6.jar:6.1.6]
	at org.springframework.web.filter.CompositeFilter$VirtualFilterChain.doFilter(CompositeFilter.java:113) ~[spring-web-6.1.6.jar:6.1.6]
	at org.springframework.web.filter.CompositeFilter.doFilter(CompositeFilter.java:74) ~[spring-web-6.1.6.jar:6.1.6]
	at org.springframework.security.config.annotation.web.configuration.WebMvcSecurityConfiguration$CompositeFilterChainProxy.doFilter(WebMvcSecurityConfiguration.java:230) ~[spring-security-config-6.2.4.jar:6.2.4]
	at org.springframework.web.filter.DelegatingFilterProxy.invokeDelegate(DelegatingFilterProxy.java:352) ~[spring-web-6.1.6.jar:6.1.6]
	at org.springframework.web.filter.DelegatingFilterProxy.doFilter(DelegatingFilterProxy.java:268) ~[spring-web-6.1.6.jar:6.1.6]
	at org.apache.catalina.core.ApplicationFilterChain.internalDoFilter(ApplicationFilterChain.java:175) ~[tomcat-embed-core-10.1.20.jar:10.1.20]
	at org.apache.catalina.core.ApplicationFilterChain.doFilter(ApplicationFilterChain.java:150) ~[tomcat-embed-core-10.1.20.jar:10.1.20]
	at org.springframework.web.filter.RequestContextFilter.doFilterInternal(RequestContextFilter.java:100) ~[spring-web-6.1.6.jar:6.1.6]
	at org.springframework.web.filter.OncePerRequestFilter.doFilter(OncePerRequestFilter.java:116) ~[spring-web-6.1.6.jar:6.1.6]
	at org.apache.catalina.core.ApplicationFilterChain.internalDoFilter(ApplicationFilterChain.java:175) ~[tomcat-embed-core-10.1.20.jar:10.1.20]
	at org.apache.catalina.core.ApplicationFilterChain.doFilter(ApplicationFilterChain.java:150) ~[tomcat-embed-core-10.1.20.jar:10.1.20]
	at org.springframework.web.filter.FormContentFilter.doFilterInternal(FormContentFilter.java:93) ~[spring-web-6.1.6.jar:6.1.6]
	at org.springframework.web.filter.OncePerRequestFilter.doFilter(OncePerRequestFilter.java:116) ~[spring-web-6.1.6.jar:6.1.6]
	at org.apache.catalina.core.ApplicationFilterChain.internalDoFilter(ApplicationFilterChain.java:175) ~[tomcat-embed-core-10.1.20.jar:10.1.20]
	at org.apache.catalina.core.ApplicationFilterChain.doFilter(ApplicationFilterChain.java:150) ~[tomcat-embed-core-10.1.20.jar:10.1.20]
	at org.springframework.web.filter.CharacterEncodingFilter.doFilterInternal(CharacterEncodingFilter.java:201) ~[spring-web-6.1.6.jar:6.1.6]
	at org.springframework.web.filter.OncePerRequestFilter.doFilter(OncePerRequestFilter.java:116) ~[spring-web-6.1.6.jar:6.1.6]
	at org.apache.catalina.core.ApplicationFilterChain.internalDoFilter(ApplicationFilterChain.java:175) ~[tomcat-embed-core-10.1.20.jar:10.1.20]
	at org.apache.catalina.core.ApplicationFilterChain.doFilter(ApplicationFilterChain.java:150) ~[tomcat-embed-core-10.1.20.jar:10.1.20]
	at org.apache.catalina.core.StandardWrapperValve.invoke(StandardWrapperValve.java:167) ~[tomcat-embed-core-10.1.20.jar:10.1.20]
	at org.apache.catalina.core.StandardContextValve.invoke(StandardContextValve.java:90) ~[tomcat-embed-core-10.1.20.jar:10.1.20]
	at org.apache.catalina.authenticator.AuthenticatorBase.invoke(AuthenticatorBase.java:482) ~[tomcat-embed-core-10.1.20.jar:10.1.20]
	at org.apache.catalina.core.StandardHostValve.invoke(StandardHostValve.java:115) ~[tomcat-embed-core-10.1.20.jar:10.1.20]
	at org.apache.catalina.valves.ErrorReportValve.invoke(ErrorReportValve.java:93) ~[tomcat-embed-core-10.1.20.jar:10.1.20]
	at org.apache.catalina.core.StandardEngineValve.invoke(StandardEngineValve.java:74) ~[tomcat-embed-core-10.1.20.jar:10.1.20]
	at org.apache.catalina.connector.CoyoteAdapter.service(CoyoteAdapter.java:344) ~[tomcat-embed-core-10.1.20.jar:10.1.20]
	at org.apache.coyote.http11.Http11Processor.service(Http11Processor.java:391) ~[tomcat-embed-core-10.1.20.jar:10.1.20]
	at org.apache.coyote.AbstractProcessorLight.process(AbstractProcessorLight.java:63) ~[tomcat-embed-core-10.1.20.jar:10.1.20]
	at org.apache.coyote.AbstractProtocol$ConnectionHandler.process(AbstractProtocol.java:896) ~[tomcat-embed-core-10.1.20.jar:10.1.20]
	at org.apache.tomcat.util.net.NioEndpoint$SocketProcessor.doRun(NioEndpoint.java:1736) ~[tomcat-embed-core-10.1.20.jar:10.1.20]
	at org.apache.tomcat.util.net.SocketProcessorBase.run(SocketProcessorBase.java:52) ~[tomcat-embed-core-10.1.20.jar:10.1.20]
	at org.apache.tomcat.util.threads.ThreadPoolExecutor.runWorker(ThreadPoolExecutor.java:1191) ~[tomcat-embed-core-10.1.20.jar:10.1.20]
	at org.apache.tomcat.util.threads.ThreadPoolExecutor$Worker.run(ThreadPoolExecutor.java:659) ~[tomcat-embed-core-10.1.20.jar:10.1.20]
	at org.apache.tomcat.util.threads.TaskThread$WrappingRunnable.run(TaskThread.java:63) ~[tomcat-embed-core-10.1.20.jar:10.1.20]
	at java.base/java.lang.Thread.run(Thread.java:1583) ~[na:na]

2025-06-13T10:00:25.319+07:00 DEBUG 4992 --- [victoryMoments] [http-nio-8080-exec-1] o.s.security.web.FilterChainProxy        : Securing GET /error?page=0&size=10&sort=createdAt,desc
2025-06-13T10:00:25.320+07:00 DEBUG 4992 --- [victoryMoments] [http-nio-8080-exec-1] o.s.s.w.a.AnonymousAuthenticationFilter  : Set SecurityContextHolder to anonymous SecurityContext
2025-06-13T10:00:25.324+07:00 DEBUG 4992 --- [victoryMoments] [http-nio-8080-exec-1] o.s.s.w.a.Http403ForbiddenEntryPoint     : Pre-authenticated entry point called. Rejecting access
2025-06-13T10:01:09.010+07:00 DEBUG 4992 --- [victoryMoments] [http-nio-8080-exec-2] o.s.security.web.FilterChainProxy        : Securing OPTIONS /api/auth/register
2025-06-13T10:01:09.018+07:00 DEBUG 4992 --- [victoryMoments] [http-nio-8080-exec-3] o.s.security.web.FilterChainProxy        : Securing POST /api/auth/register
2025-06-13T10:01:09.019+07:00 DEBUG 4992 --- [victoryMoments] [http-nio-8080-exec-3] o.s.s.w.a.AnonymousAuthenticationFilter  : Set SecurityContextHolder to anonymous SecurityContext
2025-06-13T10:01:09.020+07:00 DEBUG 4992 --- [victoryMoments] [http-nio-8080-exec-3] o.s.security.web.FilterChainProxy        : Secured POST /api/auth/register
2025-06-13T10:01:09.021+07:00 DEBUG 4992 --- [victoryMoments] [http-nio-8080-exec-3] o.s.web.servlet.DispatcherServlet        : POST "/api/auth/register", parameters={}
2025-06-13T10:01:09.022+07:00 DEBUG 4992 --- [victoryMoments] [http-nio-8080-exec-3] s.w.s.m.m.a.RequestMappingHandlerMapping : Mapped to com.example.victorymoments.controller.AuthController#register(RegisterRequest, HttpServletRequest, HttpServletResponse)
2025-06-13T10:01:09.140+07:00 DEBUG 4992 --- [victoryMoments] [http-nio-8080-exec-3] m.m.a.RequestResponseBodyMethodProcessor : Read "application/json;charset=UTF-8" to [RegisterRequest(name=Veron, email=verondanang123@gmail.com, phoneNumber=0987678888, password=Veron@1 (truncated)...]
2025-06-13T10:01:09.710+07:00  INFO 4992 --- [victoryMoments] [http-nio-8080-exec-3] c.e.victorymoments.service.EmailService  : Rendering email for user verondanang123@gmail.com
2025-06-13T10:01:33.287+07:00  INFO 4992 --- [victoryMoments] [http-nio-8080-exec-3] c.e.victorymoments.service.EmailService  : Welcome email sent successfully to verondanang123@gmail.com
2025-06-13T10:01:33.348+07:00 DEBUG 4992 --- [victoryMoments] [http-nio-8080-exec-3] o.s.w.s.m.m.a.HttpEntityMethodProcessor  : Using 'application/json', given [application/json, text/plain, */*] and supported [application/json, application/*+json]
2025-06-13T10:01:33.349+07:00 DEBUG 4992 --- [victoryMoments] [http-nio-8080-exec-3] o.s.w.s.m.m.a.HttpEntityMethodProcessor  : Writing [AuthResponse(token=eyJhbGciOiJIUzI1NiJ9.eyJzdWIiOiJ2ZXJvbmRhbmFuZzEyM0BnbWFpbC5jb20iLCJ1c2VySWQiOiI2 (truncated)...]
2025-06-13T10:01:33.361+07:00 DEBUG 4992 --- [victoryMoments] [http-nio-8080-exec-3] o.s.web.servlet.DispatcherServlet        : Completed 200 OK
2025-06-13T10:01:51.513+07:00 DEBUG 4992 --- [victoryMoments] [http-nio-8080-exec-4] o.s.security.web.FilterChainProxy        : Securing OPTIONS /api/auth/login
2025-06-13T10:01:51.521+07:00 DEBUG 4992 --- [victoryMoments] [http-nio-8080-exec-6] o.s.security.web.FilterChainProxy        : Securing POST /api/auth/login
2025-06-13T10:01:51.522+07:00 DEBUG 4992 --- [victoryMoments] [http-nio-8080-exec-6] o.s.s.w.a.AnonymousAuthenticationFilter  : Set SecurityContextHolder to anonymous SecurityContext
2025-06-13T10:01:51.523+07:00 DEBUG 4992 --- [victoryMoments] [http-nio-8080-exec-6] o.s.security.web.FilterChainProxy        : Secured POST /api/auth/login
2025-06-13T10:01:51.523+07:00 DEBUG 4992 --- [victoryMoments] [http-nio-8080-exec-6] o.s.web.servlet.DispatcherServlet        : POST "/api/auth/login", parameters={}
2025-06-13T10:01:51.524+07:00 DEBUG 4992 --- [victoryMoments] [http-nio-8080-exec-6] s.w.s.m.m.a.RequestMappingHandlerMapping : Mapped to com.example.victorymoments.controller.AuthController#login(AuthRequest)
2025-06-13T10:01:51.529+07:00 DEBUG 4992 --- [victoryMoments] [http-nio-8080-exec-6] m.m.a.RequestResponseBodyMethodProcessor : Read "application/json;charset=UTF-8" to [AuthRequest(email=verondanang123@gmail.com, password=Veron@123)]
2025-06-13T10:01:51.805+07:00 DEBUG 4992 --- [victoryMoments] [http-nio-8080-exec-6] o.s.s.a.dao.DaoAuthenticationProvider    : Authenticated user
2025-06-13T10:01:51.810+07:00 DEBUG 4992 --- [victoryMoments] [http-nio-8080-exec-6] o.s.w.s.m.m.a.HttpEntityMethodProcessor  : Using 'application/json', given [application/json, text/plain, */*] and supported [application/json, application/*+json]
2025-06-13T10:01:51.811+07:00 DEBUG 4992 --- [victoryMoments] [http-nio-8080-exec-6] o.s.w.s.m.m.a.HttpEntityMethodProcessor  : Writing [AuthResponse(token=eyJhbGciOiJIUzI1NiJ9.eyJzdWIiOiJ2ZXJvbmRhbmFuZzEyM0BnbWFpbC5jb20iLCJ1c2VySWQiOiI2 (truncated)...]
2025-06-13T10:01:51.812+07:00 DEBUG 4992 --- [victoryMoments] [http-nio-8080-exec-6] o.s.web.servlet.DispatcherServlet        : Completed 200 OK
2025-06-13T10:01:52.043+07:00 DEBUG 4992 --- [victoryMoments] [http-nio-8080-exec-5] o.s.security.web.FilterChainProxy        : Securing OPTIONS /api/posts?page=0&size=10&sort=createdAt,desc
2025-06-13T10:01:52.049+07:00 DEBUG 4992 --- [victoryMoments] [http-nio-8080-exec-7] o.s.security.web.FilterChainProxy        : Securing GET /api/posts?page=0&size=10&sort=createdAt,desc
2025-06-13T10:01:52.099+07:00 DEBUG 4992 --- [victoryMoments] [http-nio-8080-exec-7] o.s.security.web.FilterChainProxy        : Secured GET /api/posts?page=0&size=10&sort=createdAt,desc
2025-06-13T10:01:52.099+07:00 DEBUG 4992 --- [victoryMoments] [http-nio-8080-exec-7] o.s.web.servlet.DispatcherServlet        : GET "/api/posts?page=0&size=10&sort=createdAt,desc", parameters={masked}
2025-06-13T10:01:52.100+07:00 DEBUG 4992 --- [victoryMoments] [http-nio-8080-exec-7] s.w.s.m.m.a.RequestMappingHandlerMapping : Mapped to com.example.victorymoments.controller.PostController#list(Pageable, HttpServletRequest)
2025-06-13T10:01:52.220+07:00 DEBUG 4992 --- [victoryMoments] [http-nio-8080-exec-7] o.s.w.s.m.m.a.HttpEntityMethodProcessor  : Using 'application/json', given [application/json, text/plain, */*] and supported [application/json, application/*+json]
2025-06-13T10:01:52.220+07:00 DEBUG 4992 --- [victoryMoments] [http-nio-8080-exec-7] o.s.w.s.m.m.a.HttpEntityMethodProcessor  : Writing [Page 1 of 2 containing com.example.victorymoments.dto.PostResponse instances]
2025-06-13T10:01:52.242+07:00 DEBUG 4992 --- [victoryMoments] [http-nio-8080-exec-7] o.s.web.servlet.DispatcherServlet        : Completed 200 OK
2025-06-13T10:02:01.901+07:00 DEBUG 4992 --- [victoryMoments] [http-nio-8080-exec-8] o.s.security.web.FilterChainProxy        : Securing OPTIONS /api/posts/684aa82ca23c2205df0a90af
2025-06-13T10:02:01.907+07:00 DEBUG 4992 --- [victoryMoments] [http-nio-8080-exec-9] o.s.security.web.FilterChainProxy        : Securing DELETE /api/posts/684aa82ca23c2205df0a90af
2025-06-13T10:02:01.920+07:00 DEBUG 4992 --- [victoryMoments] [http-nio-8080-exec-9] o.s.security.web.FilterChainProxy        : Secured DELETE /api/posts/684aa82ca23c2205df0a90af
2025-06-13T10:02:01.921+07:00 DEBUG 4992 --- [victoryMoments] [http-nio-8080-exec-9] o.s.web.servlet.DispatcherServlet        : DELETE "/api/posts/684aa82ca23c2205df0a90af", parameters={}
2025-06-13T10:02:01.922+07:00 DEBUG 4992 --- [victoryMoments] [http-nio-8080-exec-9] s.w.s.m.m.a.RequestMappingHandlerMapping : Mapped to com.example.victorymoments.controller.PostController#deletePost(String, HttpServletRequest)
2025-06-13T10:02:01.954+07:00  WARN 4992 --- [victoryMoments] [http-nio-8080-exec-9] .w.s.m.a.ResponseStatusExceptionResolver : Resolved [org.springframework.web.server.ResponseStatusException: 403 FORBIDDEN "You can only delete your own posts."]
2025-06-13T10:02:01.954+07:00 DEBUG 4992 --- [victoryMoments] [http-nio-8080-exec-9] o.s.web.servlet.DispatcherServlet        : Completed 403 FORBIDDEN
2025-06-13T10:02:01.956+07:00 DEBUG 4992 --- [victoryMoments] [http-nio-8080-exec-9] o.s.security.web.FilterChainProxy        : Securing DELETE /error
2025-06-13T10:02:01.956+07:00 DEBUG 4992 --- [victoryMoments] [http-nio-8080-exec-9] o.s.s.w.a.AnonymousAuthenticationFilter  : Set SecurityContextHolder to anonymous SecurityContext
2025-06-13T10:02:01.957+07:00 DEBUG 4992 --- [victoryMoments] [http-nio-8080-exec-9] o.s.s.w.a.Http403ForbiddenEntryPoint     : Pre-authenticated entry point called. Rejecting access
2025-06-13T10:09:35.531+07:00  INFO 16264 --- [victoryMoments] [restartedMain] c.e.v.VictoryMomentsApplication          : Starting VictoryMomentsApplication using Java 21.0.4 with PID 16264 (D:\Veron\SpringBoot_Veron\victoryMoments\target\classes started by XuanBao in D:\Veron\SpringBoot_Veron\victoryMoments)
2025-06-13T10:09:35.533+07:00 DEBUG 16264 --- [victoryMoments] [restartedMain] c.e.v.VictoryMomentsApplication          : Running with Spring Boot v3.2.5, Spring v6.1.6
2025-06-13T10:09:35.534+07:00  INFO 16264 --- [victoryMoments] [restartedMain] c.e.v.VictoryMomentsApplication          : No active profile set, falling back to 1 default profile: "default"
2025-06-13T10:09:35.602+07:00  INFO 16264 --- [victoryMoments] [restartedMain] .e.DevToolsPropertyDefaultsPostProcessor : Devtools property defaults active! Set 'spring.devtools.add-properties' to 'false' to disable
2025-06-13T10:09:35.602+07:00  INFO 16264 --- [victoryMoments] [restartedMain] .e.DevToolsPropertyDefaultsPostProcessor : For additional web related logging consider setting the 'logging.level.web' property to 'DEBUG'
2025-06-13T10:09:36.745+07:00  INFO 16264 --- [victoryMoments] [restartedMain] .s.d.r.c.RepositoryConfigurationDelegate : Bootstrapping Spring Data MongoDB repositories in DEFAULT mode.
2025-06-13T10:09:36.815+07:00  INFO 16264 --- [victoryMoments] [restartedMain] .s.d.r.c.RepositoryConfigurationDelegate : Finished Spring Data repository scanning in 65 ms. Found 3 MongoDB repository interfaces.
2025-06-13T10:09:37.460+07:00  INFO 16264 --- [victoryMoments] [restartedMain] o.s.b.w.embedded.tomcat.TomcatWebServer  : Tomcat initialized with port 8080 (http)
2025-06-13T10:09:37.473+07:00  INFO 16264 --- [victoryMoments] [restartedMain] o.apache.catalina.core.StandardService   : Starting service [Tomcat]
2025-06-13T10:09:37.473+07:00  INFO 16264 --- [victoryMoments] [restartedMain] o.apache.catalina.core.StandardEngine    : Starting Servlet engine: [Apache Tomcat/10.1.20]
2025-06-13T10:09:37.527+07:00  INFO 16264 --- [victoryMoments] [restartedMain] o.a.c.c.C.[Tomcat].[localhost].[/]       : Initializing Spring embedded WebApplicationContext
2025-06-13T10:09:37.528+07:00  INFO 16264 --- [victoryMoments] [restartedMain] w.s.c.ServletWebServerApplicationContext : Root WebApplicationContext: initialization completed in 1924 ms
2025-06-13T10:09:37.696+07:00  INFO 16264 --- [victoryMoments] [restartedMain] org.mongodb.driver.client                : MongoClient with metadata {"driver": {"name": "mongo-java-driver|sync|spring-boot", "version": "4.11.2"}, "os": {"type": "Windows", "name": "Windows 11", "architecture": "amd64", "version": "10.0"}, "platform": "Java/Amazon.com Inc./21.0.4+7-LTS"} created with settings MongoClientSettings{readPreference=primary, writeConcern=WriteConcern{w=null, wTimeout=null ms, journal=null}, retryWrites=true, retryReads=true, readConcern=ReadConcern{level=null}, credential=null, transportSettings=null, streamFactoryFactory=null, commandListeners=[], codecRegistry=ProvidersCodecRegistry{codecProviders=[ValueCodecProvider{}, BsonValueCodecProvider{}, DBRefCodecProvider{}, DBObjectCodecProvider{}, DocumentCodecProvider{}, CollectionCodecProvider{}, IterableCodecProvider{}, MapCodecProvider{}, GeoJsonCodecProvider{}, GridFSFileCodecProvider{}, Jsr310CodecProvider{}, JsonObjectCodecProvider{}, BsonCodecProvider{}, EnumCodecProvider{}, com.mongodb.client.model.mql.ExpressionCodecProvider@38d0b3db, com.mongodb.Jep395RecordCodecProvider@3cbc4ad4, com.mongodb.KotlinCodecProvider@49f21e49]}, loggerSettings=LoggerSettings{maxDocumentLength=1000}, clusterSettings={hosts=[localhost:27017], srvServiceName=mongodb, mode=SINGLE, requiredClusterType=UNKNOWN, requiredReplicaSetName='null', serverSelector='null', clusterListeners='[]', serverSelectionTimeout='30000 ms', localThreshold='15 ms'}, socketSettings=SocketSettings{connectTimeoutMS=10000, readTimeoutMS=0, receiveBufferSize=0, proxySettings=ProxySettings{host=null, port=null, username=null, password=null}}, heartbeatSocketSettings=SocketSettings{connectTimeoutMS=10000, readTimeoutMS=10000, receiveBufferSize=0, proxySettings=ProxySettings{host=null, port=null, username=null, password=null}}, connectionPoolSettings=ConnectionPoolSettings{maxSize=100, minSize=0, maxWaitTimeMS=120000, maxConnectionLifeTimeMS=0, maxConnectionIdleTimeMS=0, maintenanceInitialDelayMS=0, maintenanceFrequencyMS=60000, connectionPoolListeners=[], maxConnecting=2}, serverSettings=ServerSettings{heartbeatFrequencyMS=10000, minHeartbeatFrequencyMS=500, serverListeners='[]', serverMonitorListeners='[]'}, sslSettings=SslSettings{enabled=false, invalidHostNameAllowed=false, context=null}, applicationName='null', compressorList=[], uuidRepresentation=JAVA_LEGACY, serverApi=null, autoEncryptionSettings=null, dnsClient=null, inetAddressResolver=null, contextProvider=null}
2025-06-13T10:09:37.718+07:00  INFO 16264 --- [victoryMoments] [cluster-ClusterId{value='684b9671b8ce72781b434903', description='null'}-localhost:27017] org.mongodb.driver.cluster               : Monitor thread successfully connected to server with description ServerDescription{address=localhost:27017, type=STANDALONE, state=CONNECTED, ok=true, minWireVersion=0, maxWireVersion=25, maxDocumentSize=16777216, logicalSessionTimeoutMinutes=30, roundTripTimeNanos=28950600}
2025-06-13T10:09:38.171+07:00 DEBUG 16264 --- [victoryMoments] [restartedMain] c.e.v.config.JwtAuthenticationFilter     : Filter 'jwtAuthenticationFilter' configured for use
2025-06-13T10:09:38.213+07:00  INFO 16264 --- [victoryMoments] [restartedMain] o.s.b.d.a.OptionalLiveReloadServer       : LiveReload server is running on port 35729
2025-06-13T10:09:39.312+07:00 DEBUG 16264 --- [victoryMoments] [restartedMain] s.w.s.m.m.a.RequestMappingHandlerMapping : 25 mappings in 'requestMappingHandlerMapping'
2025-06-13T10:09:39.403+07:00 DEBUG 16264 --- [victoryMoments] [restartedMain] o.s.w.s.handler.SimpleUrlHandlerMapping  : Patterns [/webjars/**, /**, /media/**, /static/**, /swagger-ui*/*swagger-initializer.js, /swagger-ui*/**] in 'resourceHandlerMapping'
2025-06-13T10:09:39.462+07:00  INFO 16264 --- [victoryMoments] [restartedMain] o.s.s.web.DefaultSecurityFilterChain     : Will secure any request with [org.springframework.security.web.session.DisableEncodeUrlFilter@4b472c6b, org.springframework.security.web.context.request.async.WebAsyncManagerIntegrationFilter@334a30f0, org.springframework.security.web.context.SecurityContextHolderFilter@3d64a992, org.springframework.security.web.header.HeaderWriterFilter@433ce76e, org.springframework.web.filter.CorsFilter@758beffe, org.springframework.security.web.authentication.logout.LogoutFilter@68370664, com.example.victorymoments.config.JwtAuthenticationFilter@4b646a8e, org.springframework.security.web.savedrequest.RequestCacheAwareFilter@77380d3, org.springframework.security.web.servletapi.SecurityContextHolderAwareRequestFilter@2bd0fefc, org.springframework.security.web.authentication.AnonymousAuthenticationFilter@5f3d7888, org.springframework.security.web.session.SessionManagementFilter@45e9e365, org.springframework.security.web.access.ExceptionTranslationFilter@4ee0220f, org.springframework.security.web.access.intercept.AuthorizationFilter@57b5e803]
2025-06-13T10:09:39.590+07:00 DEBUG 16264 --- [victoryMoments] [restartedMain] s.w.s.m.m.a.RequestMappingHandlerAdapter : ControllerAdvice beans: 0 @ModelAttribute, 0 @InitBinder, 1 RequestBodyAdvice, 1 ResponseBodyAdvice
2025-06-13T10:09:39.672+07:00 DEBUG 16264 --- [victoryMoments] [restartedMain] .m.m.a.ExceptionHandlerExceptionResolver : ControllerAdvice beans: 2 @ExceptionHandler, 1 ResponseBodyAdvice
2025-06-13T10:09:39.916+07:00  INFO 16264 --- [victoryMoments] [restartedMain] o.s.b.w.embedded.tomcat.TomcatWebServer  : Tomcat started on port 8080 (http) with context path ''
2025-06-13T10:09:39.923+07:00  INFO 16264 --- [victoryMoments] [restartedMain] c.e.v.VictoryMomentsApplication          : Started VictoryMomentsApplication in 4.93 seconds (process running for 6.142)
2025-06-13T10:12:15.951+07:00  INFO 9856 --- [victoryMoments] [restartedMain] c.e.v.VictoryMomentsApplication          : Starting VictoryMomentsApplication using Java 21.0.4 with PID 9856 (D:\Veron\SpringBoot_Veron\victoryMoments\target\classes started by XuanBao in D:\Veron\SpringBoot_Veron\victoryMoments)
2025-06-13T10:12:15.955+07:00 DEBUG 9856 --- [victoryMoments] [restartedMain] c.e.v.VictoryMomentsApplication          : Running with Spring Boot v3.2.5, Spring v6.1.6
2025-06-13T10:12:15.957+07:00  INFO 9856 --- [victoryMoments] [restartedMain] c.e.v.VictoryMomentsApplication          : No active profile set, falling back to 1 default profile: "default"
2025-06-13T10:12:16.056+07:00  INFO 9856 --- [victoryMoments] [restartedMain] .e.DevToolsPropertyDefaultsPostProcessor : Devtools property defaults active! Set 'spring.devtools.add-properties' to 'false' to disable
2025-06-13T10:12:16.056+07:00  INFO 9856 --- [victoryMoments] [restartedMain] .e.DevToolsPropertyDefaultsPostProcessor : For additional web related logging consider setting the 'logging.level.web' property to 'DEBUG'
2025-06-13T10:12:17.199+07:00  INFO 9856 --- [victoryMoments] [restartedMain] .s.d.r.c.RepositoryConfigurationDelegate : Bootstrapping Spring Data MongoDB repositories in DEFAULT mode.
2025-06-13T10:12:17.259+07:00  INFO 9856 --- [victoryMoments] [restartedMain] .s.d.r.c.RepositoryConfigurationDelegate : Finished Spring Data repository scanning in 55 ms. Found 3 MongoDB repository interfaces.
2025-06-13T10:12:17.862+07:00  INFO 9856 --- [victoryMoments] [restartedMain] o.s.b.w.embedded.tomcat.TomcatWebServer  : Tomcat initialized with port 8080 (http)
2025-06-13T10:12:17.873+07:00  INFO 9856 --- [victoryMoments] [restartedMain] o.apache.catalina.core.StandardService   : Starting service [Tomcat]
2025-06-13T10:12:17.874+07:00  INFO 9856 --- [victoryMoments] [restartedMain] o.apache.catalina.core.StandardEngine    : Starting Servlet engine: [Apache Tomcat/10.1.20]
2025-06-13T10:12:17.931+07:00  INFO 9856 --- [victoryMoments] [restartedMain] o.a.c.c.C.[Tomcat].[localhost].[/]       : Initializing Spring embedded WebApplicationContext
2025-06-13T10:12:17.931+07:00  INFO 9856 --- [victoryMoments] [restartedMain] w.s.c.ServletWebServerApplicationContext : Root WebApplicationContext: initialization completed in 1873 ms
2025-06-13T10:12:18.116+07:00  INFO 9856 --- [victoryMoments] [restartedMain] org.mongodb.driver.client                : MongoClient with metadata {"driver": {"name": "mongo-java-driver|sync|spring-boot", "version": "4.11.2"}, "os": {"type": "Windows", "name": "Windows 11", "architecture": "amd64", "version": "10.0"}, "platform": "Java/Amazon.com Inc./21.0.4+7-LTS"} created with settings MongoClientSettings{readPreference=primary, writeConcern=WriteConcern{w=null, wTimeout=null ms, journal=null}, retryWrites=true, retryReads=true, readConcern=ReadConcern{level=null}, credential=null, transportSettings=null, streamFactoryFactory=null, commandListeners=[], codecRegistry=ProvidersCodecRegistry{codecProviders=[ValueCodecProvider{}, BsonValueCodecProvider{}, DBRefCodecProvider{}, DBObjectCodecProvider{}, DocumentCodecProvider{}, CollectionCodecProvider{}, IterableCodecProvider{}, MapCodecProvider{}, GeoJsonCodecProvider{}, GridFSFileCodecProvider{}, Jsr310CodecProvider{}, JsonObjectCodecProvider{}, BsonCodecProvider{}, EnumCodecProvider{}, com.mongodb.client.model.mql.ExpressionCodecProvider@7ea83582, com.mongodb.Jep395RecordCodecProvider@7f66aa73, com.mongodb.KotlinCodecProvider@3ee1928c]}, loggerSettings=LoggerSettings{maxDocumentLength=1000}, clusterSettings={hosts=[localhost:27017], srvServiceName=mongodb, mode=SINGLE, requiredClusterType=UNKNOWN, requiredReplicaSetName='null', serverSelector='null', clusterListeners='[]', serverSelectionTimeout='30000 ms', localThreshold='15 ms'}, socketSettings=SocketSettings{connectTimeoutMS=10000, readTimeoutMS=0, receiveBufferSize=0, proxySettings=ProxySettings{host=null, port=null, username=null, password=null}}, heartbeatSocketSettings=SocketSettings{connectTimeoutMS=10000, readTimeoutMS=10000, receiveBufferSize=0, proxySettings=ProxySettings{host=null, port=null, username=null, password=null}}, connectionPoolSettings=ConnectionPoolSettings{maxSize=100, minSize=0, maxWaitTimeMS=120000, maxConnectionLifeTimeMS=0, maxConnectionIdleTimeMS=0, maintenanceInitialDelayMS=0, maintenanceFrequencyMS=60000, connectionPoolListeners=[], maxConnecting=2}, serverSettings=ServerSettings{heartbeatFrequencyMS=10000, minHeartbeatFrequencyMS=500, serverListeners='[]', serverMonitorListeners='[]'}, sslSettings=SslSettings{enabled=false, invalidHostNameAllowed=false, context=null}, applicationName='null', compressorList=[], uuidRepresentation=JAVA_LEGACY, serverApi=null, autoEncryptionSettings=null, dnsClient=null, inetAddressResolver=null, contextProvider=null}
2025-06-13T10:12:18.132+07:00  INFO 9856 --- [victoryMoments] [cluster-ClusterId{value='684b9712b7192a0122034fe1', description='null'}-localhost:27017] org.mongodb.driver.cluster               : Monitor thread successfully connected to server with description ServerDescription{address=localhost:27017, type=STANDALONE, state=CONNECTED, ok=true, minWireVersion=0, maxWireVersion=25, maxDocumentSize=16777216, logicalSessionTimeoutMinutes=30, roundTripTimeNanos=30352100}
2025-06-13T10:12:18.592+07:00 DEBUG 9856 --- [victoryMoments] [restartedMain] c.e.v.config.JwtAuthenticationFilter     : Filter 'jwtAuthenticationFilter' configured for use
2025-06-13T10:12:18.636+07:00  INFO 9856 --- [victoryMoments] [restartedMain] o.s.b.d.a.OptionalLiveReloadServer       : LiveReload server is running on port 35729
2025-06-13T10:12:19.771+07:00 DEBUG 9856 --- [victoryMoments] [restartedMain] s.w.s.m.m.a.RequestMappingHandlerMapping : 25 mappings in 'requestMappingHandlerMapping'
2025-06-13T10:12:19.875+07:00 DEBUG 9856 --- [victoryMoments] [restartedMain] o.s.w.s.handler.SimpleUrlHandlerMapping  : Patterns [/webjars/**, /**, /media/**, /static/**, /swagger-ui*/*swagger-initializer.js, /swagger-ui*/**] in 'resourceHandlerMapping'
2025-06-13T10:12:19.933+07:00  INFO 9856 --- [victoryMoments] [restartedMain] o.s.s.web.DefaultSecurityFilterChain     : Will secure any request with [org.springframework.security.web.session.DisableEncodeUrlFilter@6328a6b8, org.springframework.security.web.context.request.async.WebAsyncManagerIntegrationFilter@5e646353, org.springframework.security.web.context.SecurityContextHolderFilter@3a6faf83, org.springframework.security.web.header.HeaderWriterFilter@9d6eeb0, org.springframework.web.filter.CorsFilter@5ac2bd55, org.springframework.security.web.authentication.logout.LogoutFilter@59ce288a, com.example.victorymoments.config.JwtAuthenticationFilter@66daa72, org.springframework.security.web.savedrequest.RequestCacheAwareFilter@15a06d33, org.springframework.security.web.servletapi.SecurityContextHolderAwareRequestFilter@5bb9a0a1, org.springframework.security.web.authentication.AnonymousAuthenticationFilter@61713a12, org.springframework.security.web.session.SessionManagementFilter@400a80c3, org.springframework.security.web.access.ExceptionTranslationFilter@39894b7b, org.springframework.security.web.access.intercept.AuthorizationFilter@3d300836]
2025-06-13T10:12:20.066+07:00 DEBUG 9856 --- [victoryMoments] [restartedMain] s.w.s.m.m.a.RequestMappingHandlerAdapter : ControllerAdvice beans: 0 @ModelAttribute, 0 @InitBinder, 1 RequestBodyAdvice, 1 ResponseBodyAdvice
2025-06-13T10:12:20.099+07:00 DEBUG 9856 --- [victoryMoments] [restartedMain] .m.m.a.ExceptionHandlerExceptionResolver : ControllerAdvice beans: 2 @ExceptionHandler, 1 ResponseBodyAdvice
2025-06-13T10:12:20.290+07:00  INFO 9856 --- [victoryMoments] [restartedMain] o.s.b.w.embedded.tomcat.TomcatWebServer  : Tomcat started on port 8080 (http) with context path ''
2025-06-13T10:12:20.301+07:00  INFO 9856 --- [victoryMoments] [restartedMain] c.e.v.VictoryMomentsApplication          : Started VictoryMomentsApplication in 5.138 seconds (process running for 6.669)
2025-06-13T10:12:47.427+07:00  INFO 9856 --- [victoryMoments] [http-nio-8080-exec-1] o.a.c.c.C.[Tomcat].[localhost].[/]       : Initializing Spring DispatcherServlet 'dispatcherServlet'
2025-06-13T10:12:47.427+07:00  INFO 9856 --- [victoryMoments] [http-nio-8080-exec-1] o.s.web.servlet.DispatcherServlet        : Initializing Servlet 'dispatcherServlet'
2025-06-13T10:12:47.428+07:00 DEBUG 9856 --- [victoryMoments] [http-nio-8080-exec-1] o.s.web.servlet.DispatcherServlet        : Detected StandardServletMultipartResolver
2025-06-13T10:12:47.428+07:00 DEBUG 9856 --- [victoryMoments] [http-nio-8080-exec-1] o.s.web.servlet.DispatcherServlet        : Detected AcceptHeaderLocaleResolver
2025-06-13T10:12:47.428+07:00 DEBUG 9856 --- [victoryMoments] [http-nio-8080-exec-1] o.s.web.servlet.DispatcherServlet        : Detected FixedThemeResolver
2025-06-13T10:12:47.429+07:00 DEBUG 9856 --- [victoryMoments] [http-nio-8080-exec-1] o.s.web.servlet.DispatcherServlet        : Detected org.springframework.web.servlet.view.DefaultRequestToViewNameTranslator@4ccc8f1b
2025-06-13T10:12:47.429+07:00 DEBUG 9856 --- [victoryMoments] [http-nio-8080-exec-1] o.s.web.servlet.DispatcherServlet        : Detected org.springframework.web.servlet.support.SessionFlashMapManager@82e91e4
2025-06-13T10:12:47.429+07:00 DEBUG 9856 --- [victoryMoments] [http-nio-8080-exec-1] o.s.web.servlet.DispatcherServlet        : enableLoggingRequestDetails='false': request parameters and headers will be masked to prevent unsafe logging of potentially sensitive data
2025-06-13T10:12:47.430+07:00  INFO 9856 --- [victoryMoments] [http-nio-8080-exec-1] o.s.web.servlet.DispatcherServlet        : Completed initialization in 3 ms
2025-06-13T10:12:47.449+07:00 DEBUG 9856 --- [victoryMoments] [http-nio-8080-exec-1] o.s.security.web.FilterChainProxy        : Securing POST /api/auth/register
2025-06-13T10:12:47.468+07:00 DEBUG 9856 --- [victoryMoments] [http-nio-8080-exec-1] o.s.s.w.a.AnonymousAuthenticationFilter  : Set SecurityContextHolder to anonymous SecurityContext
2025-06-13T10:12:47.470+07:00 DEBUG 9856 --- [victoryMoments] [http-nio-8080-exec-1] o.s.security.web.FilterChainProxy        : Secured POST /api/auth/register
2025-06-13T10:12:47.475+07:00 DEBUG 9856 --- [victoryMoments] [http-nio-8080-exec-1] o.s.web.servlet.DispatcherServlet        : POST "/api/auth/register", parameters={}
2025-06-13T10:12:47.479+07:00 DEBUG 9856 --- [victoryMoments] [http-nio-8080-exec-1] s.w.s.m.m.a.RequestMappingHandlerMapping : Mapped to com.example.victorymoments.controller.AuthController#register(RegisterRequest, HttpServletRequest, HttpServletResponse)
2025-06-13T10:12:47.558+07:00 DEBUG 9856 --- [victoryMoments] [http-nio-8080-exec-1] m.m.a.RequestResponseBodyMethodProcessor : Read "application/json;charset=UTF-8" to [RegisterRequest(name=Bao, email=baonguyen@gmail.com, phoneNumber=0912333999, password=Veron@123)]
2025-06-13T10:12:47.839+07:00  INFO 9856 --- [victoryMoments] [http-nio-8080-exec-1] c.e.victorymoments.service.EmailService  : Rendering email for user baonguyen@gmail.com
2025-06-13T10:13:11.616+07:00  INFO 9856 --- [victoryMoments] [http-nio-8080-exec-1] c.e.victorymoments.service.EmailService  : Welcome email sent successfully to baonguyen@gmail.com
2025-06-13T10:13:11.657+07:00 DEBUG 9856 --- [victoryMoments] [http-nio-8080-exec-1] o.s.w.s.m.m.a.HttpEntityMethodProcessor  : Using 'application/json', given [application/json, text/plain, */*] and supported [application/json, application/*+json]
2025-06-13T10:13:11.658+07:00 DEBUG 9856 --- [victoryMoments] [http-nio-8080-exec-1] o.s.w.s.m.m.a.HttpEntityMethodProcessor  : Writing [AuthResponse(token=eyJhbGciOiJIUzI1NiJ9.eyJzdWIiOiJiYW9uZ3V5ZW5AZ21haWwuY29tIiwidXNlcklkIjoiNjg0Yjk3 (truncated)...]
2025-06-13T10:13:11.664+07:00 DEBUG 9856 --- [victoryMoments] [http-nio-8080-exec-1] o.s.web.servlet.DispatcherServlet        : Completed 200 OK
2025-06-13T10:16:29.248+07:00 DEBUG 9856 --- [victoryMoments] [http-nio-8080-exec-7] o.s.security.web.FilterChainProxy        : Securing POST /api/auth/register
2025-06-13T10:16:29.249+07:00 DEBUG 9856 --- [victoryMoments] [http-nio-8080-exec-7] o.s.s.w.a.AnonymousAuthenticationFilter  : Set SecurityContextHolder to anonymous SecurityContext
2025-06-13T10:16:29.250+07:00 DEBUG 9856 --- [victoryMoments] [http-nio-8080-exec-7] o.s.security.web.FilterChainProxy        : Secured POST /api/auth/register
2025-06-13T10:16:29.250+07:00 DEBUG 9856 --- [victoryMoments] [http-nio-8080-exec-7] o.s.web.servlet.DispatcherServlet        : POST "/api/auth/register", parameters={}
2025-06-13T10:16:29.251+07:00 DEBUG 9856 --- [victoryMoments] [http-nio-8080-exec-7] s.w.s.m.m.a.RequestMappingHandlerMapping : Mapped to com.example.victorymoments.controller.AuthController#register(RegisterRequest, HttpServletRequest, HttpServletResponse)
2025-06-13T10:16:29.252+07:00 DEBUG 9856 --- [victoryMoments] [http-nio-8080-exec-7] m.m.a.RequestResponseBodyMethodProcessor : Read "application/json;charset=UTF-8" to [RegisterRequest(name=Khoa, email=leduykhoa@gmail.com, phoneNumber=0987123123, password=Veron@123)]
2025-06-13T10:16:29.381+07:00  INFO 9856 --- [victoryMoments] [http-nio-8080-exec-7] c.e.victorymoments.service.EmailService  : Rendering email for user leduykhoa@gmail.com
2025-06-13T10:16:51.844+07:00  INFO 9856 --- [victoryMoments] [http-nio-8080-exec-7] c.e.victorymoments.service.EmailService  : Welcome email sent successfully to leduykhoa@gmail.com
2025-06-13T10:16:51.846+07:00 DEBUG 9856 --- [victoryMoments] [http-nio-8080-exec-7] o.s.w.s.m.m.a.HttpEntityMethodProcessor  : Using 'application/json', given [application/json, text/plain, */*] and supported [application/json, application/*+json]
2025-06-13T10:16:51.846+07:00 DEBUG 9856 --- [victoryMoments] [http-nio-8080-exec-7] o.s.w.s.m.m.a.HttpEntityMethodProcessor  : Writing [AuthResponse(token=eyJhbGciOiJIUzI1NiJ9.eyJzdWIiOiJsZWR1eWtob2FAZ21haWwuY29tIiwidXNlcklkIjoiNjg0Yjk4 (truncated)...]
2025-06-13T10:16:51.847+07:00 DEBUG 9856 --- [victoryMoments] [http-nio-8080-exec-7] o.s.web.servlet.DispatcherServlet        : Completed 200 OK
